#
# There is insufficient memory for the Java Runtime Environment to continue.
# Native memory allocation (malloc) failed to allocate 251568 bytes for Chunk::new
# Possible reasons:
#   The system is out of physical RAM or swap space
#   In 32 bit mode, the process size limit was hit
# Possible solutions:
#   Reduce memory load on the system
#   Increase physical memory or swap space
#   Check if swap backing store is full
#   Use 64 bit Java on a 64 bit OS
#   Decrease Java heap size (-Xmx/-Xms)
#   Decrease number of Java threads
#   Decrease Java thread stack sizes (-Xss)
#   Set larger code cache with -XX:ReservedCodeCacheSize=
# This output file may be truncated or incomplete.
#
#  Out of Memory Error (allocation.cpp:390), pid=13704, tid=0x00000000000028a0
#
# JRE version: Java(TM) SE Runtime Environment (8.0_101-b13) (build 1.8.0_101-b13)
# Java VM: Java HotSpot(TM) 64-Bit Server VM (25.101-b13 mixed mode windows-amd64 compressed oops)
# Failed to write core dump. Minidumps are not enabled by default on client versions of Windows
#

---------------  T H R E A D  ---------------

Current thread (0x000000001543a800):  JavaThread "C2 CompilerThread0" daemon [_thread_in_native, id=10400, stack(0x0000000016940000,0x0000000016a40000)]

Stack: [0x0000000016940000,0x0000000016a40000]
[error occurred during error reporting (printing stack bounds), id 0xc0000005]

Native frames: (J=compiled Java code, j=interpreted, Vv=VM code, C=native code)


Current CompileTask:
C2:    973 1215   !   4       com.android.dx.cf.code.BytecodeArray::parseInstruction (2764 bytes)


---------------  P R O C E S S  ---------------

Java Threads: ( => current thread )
  0x0000000016abf800 JavaThread "Service Thread" daemon [_thread_blocked, id=14104, stack(0x0000000017040000,0x0000000017140000)]
  0x0000000016a9c800 JavaThread "C1 CompilerThread2" daemon [_thread_blocked, id=16672, stack(0x0000000016f40000,0x0000000017040000)]
  0x000000001543c800 JavaThread "C2 CompilerThread1" daemon [_thread_in_native, id=5184, stack(0x0000000016e40000,0x0000000016f40000)]
=>0x000000001543a800 JavaThread "C2 CompilerThread0" daemon [_thread_in_native, id=10400, stack(0x0000000016940000,0x0000000016a40000)]
  0x0000000015439000 JavaThread "Attach Listener" daemon [_thread_blocked, id=14880, stack(0x0000000016840000,0x0000000016940000)]
  0x0000000015438000 JavaThread "Signal Dispatcher" daemon [_thread_blocked, id=14856, stack(0x0000000016740000,0x0000000016840000)]
  0x00000000153ca800 JavaThread "Finalizer" daemon [_thread_blocked, id=14456, stack(0x0000000016640000,0x0000000016740000)]
  0x0000000002cff000 JavaThread "Reference Handler" daemon [_thread_blocked, id=12756, stack(0x0000000016540000,0x0000000016640000)]
  0x0000000002c10800 JavaThread "main" [_thread_in_Java, id=9812, stack(0x00000000025c0000,0x00000000026c0000)]

Other Threads:
  0x00000000153a7000 VMThread [stack: 0x0000000016440000,0x0000000016540000] [id=11988]
  0x0000000016b25800 WatcherThread [stack: 0x0000000017140000,0x0000000017240000] [id=9508]

VM state:not at safepoint (normal execution)

VM Mutex/Monitor currently owned by a thread: None

Heap:
 PSYoungGen      total 37888K, used 19939K [0x00000000eab00000, 0x00000000ed500000, 0x0000000100000000)
  eden space 32768K, 45% used [0x00000000eab00000,0x00000000eb97c520,0x00000000ecb00000)
  from space 5120K, 99% used [0x00000000ecb00000,0x00000000ecffcad8,0x00000000ed000000)
  to   space 5120K, 0% used [0x00000000ed000000,0x00000000ed000000,0x00000000ed500000)
 ParOldGen       total 86016K, used 1716K [0x00000000c0000000, 0x00000000c5400000, 0x00000000eab00000)
  object space 86016K, 1% used [0x00000000c0000000,0x00000000c01ad2d8,0x00000000c5400000)
 Metaspace       used 6125K, capacity 7032K, committed 7296K, reserved 1056768K
  class space    used 605K, capacity 624K, committed 640K, reserved 1048576K

Card table byte_map: [0x00000000120d0000,0x00000000122e0000] byte_map_base: 0x0000000011ad0000

Marking Bits: (ParMarkBitMap*) 0x000000005970a6d0
 Begin Bits: [0x0000000012840000, 0x0000000013840000)
 End Bits:   [0x0000000013840000, 0x0000000014840000)

Polling page: 0x0000000000df0000

CodeCache: size=245760Kb used=5638Kb max_used=5638Kb free=240121Kb
 bounds [0x0000000002d10000, 0x00000000032a0000, 0x0000000011d10000]
 total_blobs=1679 nmethods=1408 adapters=184
 compilation: enabled

Compilation events (10 events):
Event: 0.969 Thread 0x0000000016a9c800 1413       3       java.util.TreeMap$Entry::hashCode (42 bytes)
Event: 0.969 Thread 0x0000000016a9c800 nmethod 1413 0x0000000003292790 code [0x0000000003292920, 0x0000000003292cb8]
Event: 0.969 Thread 0x0000000016a9c800 1415       3       java.util.TreeMap$EntryIterator::<init> (12 bytes)
Event: 0.969 Thread 0x0000000016a9c800 nmethod 1415 0x0000000003292dd0 code [0x0000000003292f40, 0x00000000032931b0]
Event: 0.970 Thread 0x0000000016a9c800 1417       3       java.util.AbstractMap::hashCode (43 bytes)
Event: 0.971 Thread 0x0000000016a9c800 nmethod 1417 0x00000000032932d0 code [0x00000000032934a0, 0x0000000003293b68]
Event: 0.971 Thread 0x0000000016a9c800 1419       2       com.android.dx.rop.annotation.Annotation::hashCode (36 bytes)
Event: 0.972 Thread 0x0000000016a9c800 nmethod 1419 0x0000000003293d50 code [0x0000000003293ee0, 0x00000000032940e8]
Event: 0.972 Thread 0x0000000016a9c800 1420       2       com.android.dx.dex.file.DexFile::internIfAppropriate (128 bytes)
Event: 0.972 Thread 0x0000000016a9c800 nmethod 1420 0x00000000032942d0 code [0x00000000032944c0, 0x0000000003294b98]

GC Heap History (2 events):
Event: 0.797 GC heap before
{Heap before GC invocations=1 (full 0):
 PSYoungGen      total 37888K, used 32768K [0x00000000eab00000, 0x00000000ed500000, 0x0000000100000000)
  eden space 32768K, 100% used [0x00000000eab00000,0x00000000ecb00000,0x00000000ecb00000)
  from space 5120K, 0% used [0x00000000ed000000,0x00000000ed000000,0x00000000ed500000)
  to   space 5120K, 0% used [0x00000000ecb00000,0x00000000ecb00000,0x00000000ed000000)
 ParOldGen       total 86016K, used 0K [0x00000000c0000000, 0x00000000c5400000, 0x00000000eab00000)
  object space 86016K, 0% used [0x00000000c0000000,0x00000000c0000000,0x00000000c5400000)
 Metaspace       used 5935K, capacity 6900K, committed 7040K, reserved 1056768K
  class space    used 599K, capacity 620K, committed 640K, reserved 1048576K
Event: 0.809 GC heap after
Heap after GC invocations=1 (full 0):
 PSYoungGen      total 37888K, used 5106K [0x00000000eab00000, 0x00000000ed500000, 0x0000000100000000)
  eden space 32768K, 0% used [0x00000000eab00000,0x00000000eab00000,0x00000000ecb00000)
  from space 5120K, 99% used [0x00000000ecb00000,0x00000000ecffcad8,0x00000000ed000000)
  to   space 5120K, 0% used [0x00000000ed000000,0x00000000ed000000,0x00000000ed500000)
 ParOldGen       total 86016K, used 1716K [0x00000000c0000000, 0x00000000c5400000, 0x00000000eab00000)
  object space 86016K, 1% used [0x00000000c0000000,0x00000000c01ad2d8,0x00000000c5400000)
 Metaspace       used 5935K, capacity 6900K, committed 7040K, reserved 1056768K
  class space    used 599K, capacity 620K, committed 640K, reserved 1048576K
}

Deoptimization events (10 events):
Event: 0.965 Thread 0x0000000002c10800 Uncommon trap: reason=class_check action=maybe_recompile pc=0x00000000031bdc88 method=java.util.Arrays.hashCode([Ljava/lang/Object;)I @ 43
Event: 0.965 Thread 0x0000000002c10800 Uncommon trap: reason=class_check action=maybe_recompile pc=0x00000000031bdc88 method=java.util.Arrays.hashCode([Ljava/lang/Object;)I @ 43
Event: 0.965 Thread 0x0000000002c10800 Uncommon trap: reason=class_check action=maybe_recompile pc=0x00000000031bdc88 method=java.util.Arrays.hashCode([Ljava/lang/Object;)I @ 43
Event: 0.965 Thread 0x0000000002c10800 Uncommon trap: reason=class_check action=maybe_recompile pc=0x00000000031bdc88 method=java.util.Arrays.hashCode([Ljava/lang/Object;)I @ 43
Event: 0.966 Thread 0x0000000002c10800 Uncommon trap: reason=class_check action=maybe_recompile pc=0x00000000031c05f4 method=java.util.Arrays.hashCode([Ljava/lang/Object;)I @ 43
Event: 0.968 Thread 0x0000000002c10800 Uncommon trap: reason=bimorphic action=maybe_recompile pc=0x0000000002f7ffc8 method=java.util.HashMap.getNode(ILjava/lang/Object;)Ljava/util/HashMap$Node; @ 126
Event: 0.968 Thread 0x0000000002c10800 Uncommon trap: reason=bimorphic action=maybe_recompile pc=0x0000000002f7ffc8 method=java.util.HashMap.getNode(ILjava/lang/Object;)Ljava/util/HashMap$Node; @ 126
Event: 0.971 Thread 0x0000000002c10800 Uncommon trap: reason=bimorphic action=maybe_recompile pc=0x0000000002f7ffc8 method=java.util.HashMap.getNode(ILjava/lang/Object;)Ljava/util/HashMap$Node; @ 126
Event: 0.971 Thread 0x0000000002c10800 Uncommon trap: reason=bimorphic action=maybe_recompile pc=0x0000000002f7ffc8 method=java.util.HashMap.getNode(ILjava/lang/Object;)Ljava/util/HashMap$Node; @ 126
Event: 0.971 Thread 0x0000000002c10800 Uncommon trap: reason=bimorphic action=maybe_recompile pc=0x0000000002fb0e68 method=java.util.HashMap.getNode(ILjava/lang/Object;)Ljava/util/HashMap$Node; @ 126

Internal exceptions (4 events):
Event: 0.058 Thread 0x0000000002c10800 Exception <a 'java/lang/NoSuchMethodError': Method sun.misc.Unsafe.defineClass(Ljava/lang/String;[BII)Ljava/lang/Class; name or signature does not match> (0x00000000eab07cc0) thrown at [C:\re\workspace\8-2-build-windows-amd64-cygwin\jdk8u101\7261\hotspot\sö„S¾­?
Event: 0.058 Thread 0x0000000002c10800 Exception <a 'java/lang/NoSuchMethodError': Method sun.misc.Unsafe.prefetchRead(Ljava/lang/Object;J)V name or signature does not match> (0x00000000eab07fa8) thrown at [C:\re\workspace\8-2-build-windows-amd64-cygwin\jdk8u101\7261\hotspot\src\share\vm\prims\ÒŒEÓÙÉæ?
Event: 0.712 Thread 0x0000000016bf7800 Implicit null exception at 0x0000000002fe7cf7 to 0x0000000002fe95c5
Event: 0.718 Thread 0x0000000016bf7800 Implicit null exception at 0x00000000030177e2 to 0x00000000030178da

Events (10 events):
Event: 0.968 Thread 0x0000000002c10800 DEOPT UNPACKING pc=0x0000000002d5582a sp=0x00000000026bf228 mode 2
Event: 0.971 Thread 0x0000000002c10800 Uncommon trap: trap_request=0xffffffc6 fr.pc=0x0000000002f7ffc8
Event: 0.971 Thread 0x0000000002c10800 DEOPT PACKING pc=0x0000000002f7ffc8 sp=0x00000000026bf300
Event: 0.971 Thread 0x0000000002c10800 DEOPT UNPACKING pc=0x0000000002d5582a sp=0x00000000026bf228 mode 2
Event: 0.971 Thread 0x0000000002c10800 Uncommon trap: trap_request=0xffffffc6 fr.pc=0x0000000002f7ffc8
Event: 0.971 Thread 0x0000000002c10800 DEOPT PACKING pc=0x0000000002f7ffc8 sp=0x00000000026bf300
Event: 0.971 Thread 0x0000000002c10800 DEOPT UNPACKING pc=0x0000000002d5582a sp=0x00000000026bf228 mode 2
Event: 0.971 Thread 0x0000000002c10800 Uncommon trap: trap_request=0xffffffc6 fr.pc=0x0000000002fb0e68
Event: 0.971 Thread 0x0000000002c10800 DEOPT PACKING pc=0x0000000002fb0e68 sp=0x00000000026bf290
Event: 0.971 Thread 0x0000000002c10800 DEOPT UNPACKING pc=0x0000000002d5582a sp=0x00000000026bf228 mode 2


Dynamic libraries:
0x00007ff727060000 - 0x00007ff727097000 	D:\java_8\bin\java.exe
0x00007fff61220000 - 0x00007fff613f1000 	C:\Windows\SYSTEM32\ntdll.dll
0x00007fff60e70000 - 0x00007fff60f1b000 	C:\Windows\System32\KERNEL32.DLL
0x00007fff5e590000 - 0x00007fff5e7ad000 	C:\Windows\System32\KERNELBASE.dll
0x00007fff60a80000 - 0x00007fff60b22000 	C:\Windows\System32\ADVAPI32.dll
0x00007fff609e0000 - 0x00007fff60a7e000 	C:\Windows\System32\msvcrt.dll
0x00007fff61050000 - 0x00007fff610a9000 	C:\Windows\System32\sechost.dll
0x00007fff603e0000 - 0x00007fff60501000 	C:\Windows\System32\RPCRT4.dll
0x00007fff610b0000 - 0x00007fff61215000 	C:\Windows\System32\USER32.dll
0x00007fff5e0d0000 - 0x00007fff5e0ee000 	C:\Windows\System32\win32u.dll
0x00007fff603a0000 - 0x00007fff603d4000 	C:\Windows\System32\GDI32.dll
0x00007fff5df40000 - 0x00007fff5e0c2000 	C:\Windows\System32\gdi32full.dll
0x00007fff47e70000 - 0x00007fff480ea000 	C:\Windows\WinSxS\amd64_microsoft.windows.common-controls_6595b64144ccf1df_6.0.14393.953_none_42151e83c686086b\COMCTL32.dll
0x00007fff600b0000 - 0x00007fff60378000 	C:\Windows\System32\combase.dll
0x00007fff5e1a0000 - 0x00007fff5e295000 	C:\Windows\System32\ucrtbase.dll
0x00007fff5e350000 - 0x00007fff5e3ba000 	C:\Windows\System32\bcryptPrimitives.dll
0x00007fff60510000 - 0x00007fff6053e000 	C:\Windows\System32\IMM32.DLL
0x0000000059790000 - 0x0000000059862000 	D:\java_8\jre\bin\msvcr100.dll
0x0000000058ef0000 - 0x000000005978a000 	D:\java_8\jre\bin\server\jvm.dll
0x00007fff60380000 - 0x00007fff60388000 	C:\Windows\System32\PSAPI.DLL
0x00007fff52af0000 - 0x00007fff52af9000 	C:\Windows\SYSTEM32\WSOCK32.dll
0x00007fff60970000 - 0x00007fff609da000 	C:\Windows\System32\WS2_32.dll
0x00007fff5b7d0000 - 0x00007fff5b7f3000 	C:\Windows\SYSTEM32\WINMM.dll
0x00007fff51f00000 - 0x00007fff51f0a000 	C:\Windows\SYSTEM32\VERSION.dll
0x00007fff5b740000 - 0x00007fff5b76b000 	C:\Windows\SYSTEM32\WINMMBASE.dll
0x00007fff5e300000 - 0x00007fff5e342000 	C:\Windows\System32\cfgmgr32.dll
0x000000005a920000 - 0x000000005a92f000 	D:\java_8\jre\bin\verify.dll
0x0000000058ec0000 - 0x0000000058ee9000 	D:\java_8\jre\bin\java.dll
0x0000000058ea0000 - 0x0000000058eb6000 	D:\java_8\jre\bin\zip.dll
0x00007fff5eb30000 - 0x00007fff60038000 	C:\Windows\System32\SHELL32.dll
0x00007fff5d7b0000 - 0x00007fff5de8a000 	C:\Windows\System32\windows.storage.dll
0x00007fff5d6c0000 - 0x00007fff5d70c000 	C:\Windows\System32\powrprof.dll
0x00007fff60040000 - 0x00007fff60092000 	C:\Windows\System32\shlwapi.dll
0x00007fff5d6b0000 - 0x00007fff5d6bf000 	C:\Windows\System32\kernel.appcore.dll
0x00007fff5de90000 - 0x00007fff5df39000 	C:\Windows\System32\shcore.dll
0x00007fff5d680000 - 0x00007fff5d694000 	C:\Windows\System32\profapi.dll

VM Arguments:
jvm_args: -Djava.awt.headless=true -Xmx1024M -Dfile.encoding=GBK -Duser.country=CN -Duser.language=zh -Duser.variant 
java_command: com.android.dx.command.Main --dex --num-threads=4 --output C:\Users\hoshino\Desktop\ikaros\app\build\intermediates\pre-dexed\debug\OGE_Android_2.1.4_2aad552dc56a8427f0963e49556c607075c21d26.jar C:\Users\hoshino\Desktop\ikaros\app\libs\OGE_Android_2.1.4.jar
java_class_path (initial): E:\AndroidSDK\build-tools\25.0.2\lib\dx.jar
Launcher Type: SUN_STANDARD

Environment Variables:
PATH=C:\Windows\system32;C:\Windows;C:\Windows\System32\Wbem;C:\Windows\System32\WindowsPowerShell\v1.0\;D:\java_8\bin;D:\java_8\jre\bin;D:\Git\cmd;C:\Users\hoshino\AppData\Local\Microsoft\WindowsApps;
USERNAME=hoshino
OS=Windows_NT
PROCESSOR_IDENTIFIER=Intel64 Family 6 Model 94 Stepping 3, GenuineIntel



---------------  S Y S T E M  ---------------

OS: Windows 10.0 , 64 bit Build 14393 (10.0.14393.0)

CPU:total 4 (4 cores per cpu, 1 threads per core) family 6 model 94 stepping 3, cmov, cx8, fxsr, mmx, sse, sse2, sse3, ssse3, sse4.1, sse4.2, popcnt, avx, avx2, aes, clmul, erms, rtm, 3dnowpref, lzcnt, tsc, tscinvbit, bmi1, bmi2, adx

Memory: 4k page, physical 8178600k(630444k free), swap 16043172k(5672k free)

vm_info: Java HotSpot(TM) 64-Bit Server VM (25.101-b13) for windows-amd64 JRE (1.8.0_101-b13), built on Jun 22 2016 01:21:29 by "java_re" with MS VC++ 10.0 (VS2010)

time: Thu Apr 20 16:52:19 2017
elapsed time: 0 seconds (0d 0h 0m 0s)

