#
# There is insufficient memory for the Java Runtime Environment to continue.
# Native memory allocation (malloc) failed to allocate 282576 bytes for Chunk::new
# Possible reasons:
#   The system is out of physical RAM or swap space
#   In 32 bit mode, the process size limit was hit
# Possible solutions:
#   Reduce memory load on the system
#   Increase physical memory or swap space
#   Check if swap backing store is full
#   Use 64 bit Java on a 64 bit OS
#   Decrease Java heap size (-Xmx/-Xms)
#   Decrease number of Java threads
#   Decrease Java thread stack sizes (-Xss)
#   Set larger code cache with -XX:ReservedCodeCacheSize=
# This output file may be truncated or incomplete.
#
#  Out of Memory Error (allocation.cpp:390), pid=10096, tid=0x0000000000001040
#
# JRE version: Java(TM) SE Runtime Environment (8.0_101-b13) (build 1.8.0_101-b13)
# Java VM: Java HotSpot(TM) 64-Bit Server VM (25.101-b13 mixed mode windows-amd64 compressed oops)
# Failed to write core dump. Minidumps are not enabled by default on client versions of Windows
#

---------------  T H R E A D  ---------------

Current thread (0x0000000015609800):  JavaThread "C2 CompilerThread0" daemon [_thread_in_native, id=4160, stack(0x0000000016b10000,0x0000000016c10000)]

Stack: [0x0000000016b10000,0x0000000016c10000]
[error occurred during error reporting (printing stack bounds), id 0xc0000005]

Native frames: (J=compiled Java code, j=interpreted, Vv=VM code, C=native code)


Current CompileTask:
C2:    958 1054   !   4       com.android.dx.ssa.BasicRegisterMapper::map (44 bytes)


---------------  P R O C E S S  ---------------

Java Threads: ( => current thread )
  0x0000000016f7e800 JavaThread "pool-1-thread-4" [_thread_blocked, id=6420, stack(0x0000000017810000,0x0000000017910000)]
  0x0000000016f7d800 JavaThread "pool-1-thread-3" [_thread_blocked, id=5716, stack(0x0000000017710000,0x0000000017810000)]
  0x0000000016f7c800 JavaThread "pool-1-thread-2" [_thread_blocked, id=10064, stack(0x0000000017610000,0x0000000017710000)]
  0x000000001700b800 JavaThread "pool-2-thread-1" [_thread_blocked, id=5468, stack(0x0000000017510000,0x0000000017610000)]
  0x000000001700b000 JavaThread "pool-1-thread-1" [_thread_in_Java, id=4664, stack(0x0000000017410000,0x0000000017510000)]
  0x0000000016d97800 JavaThread "Service Thread" daemon [_thread_blocked, id=4764, stack(0x0000000017210000,0x0000000017310000)]
  0x0000000016d6b800 JavaThread "C1 CompilerThread2" daemon [_thread_in_native, id=9820, stack(0x0000000017110000,0x0000000017210000)]
  0x000000001560b800 JavaThread "C2 CompilerThread1" daemon [_thread_in_native, id=12240, stack(0x0000000016c10000,0x0000000016d10000)]
=>0x0000000015609800 JavaThread "C2 CompilerThread0" daemon [_thread_in_native, id=4160, stack(0x0000000016b10000,0x0000000016c10000)]
  0x0000000015608000 JavaThread "Attach Listener" daemon [_thread_blocked, id=12908, stack(0x0000000016a10000,0x0000000016b10000)]
  0x0000000015607000 JavaThread "Signal Dispatcher" daemon [_thread_blocked, id=7432, stack(0x0000000016910000,0x0000000016a10000)]
  0x000000001559a800 JavaThread "Finalizer" daemon [_thread_blocked, id=14572, stack(0x0000000016810000,0x0000000016910000)]
  0x0000000002ecf000 JavaThread "Reference Handler" daemon [_thread_blocked, id=1092, stack(0x0000000016710000,0x0000000016810000)]
  0x0000000002de0800 JavaThread "main" [_thread_blocked, id=6136, stack(0x00000000028e0000,0x00000000029e0000)]

Other Threads:
  0x0000000015577000 VMThread [stack: 0x0000000016610000,0x0000000016710000] [id=2008]
  0x0000000016da2800 WatcherThread [stack: 0x0000000017310000,0x0000000017410000] [id=14472]

VM state:not at safepoint (normal execution)

VM Mutex/Monitor currently owned by a thread: None

Heap:
 PSYoungGen      total 37888K, used 28850K [0x00000000eab00000, 0x00000000ed500000, 0x0000000100000000)
  eden space 32768K, 88% used [0x00000000eab00000,0x00000000ec72c878,0x00000000ecb00000)
  from space 5120K, 0% used [0x00000000ed000000,0x00000000ed000000,0x00000000ed500000)
  to   space 5120K, 0% used [0x00000000ecb00000,0x00000000ecb00000,0x00000000ed000000)
 ParOldGen       total 86016K, used 0K [0x00000000c0000000, 0x00000000c5400000, 0x00000000eab00000)
  object space 86016K, 0% used [0x00000000c0000000,0x00000000c0000000,0x00000000c5400000)
 Metaspace       used 5867K, capacity 6834K, committed 7040K, reserved 1056768K
  class space    used 597K, capacity 618K, committed 640K, reserved 1048576K

Card table byte_map: [0x00000000122a0000,0x00000000124b0000] byte_map_base: 0x0000000011ca0000

Marking Bits: (ParMarkBitMap*) 0x000000005970a6d0
 Begin Bits: [0x0000000012a10000, 0x0000000013a10000)
 End Bits:   [0x0000000013a10000, 0x0000000014a10000)

Polling page: 0x00000000010b0000

CodeCache: size=245760Kb used=4380Kb max_used=4385Kb free=241379Kb
 bounds [0x0000000002ee0000, 0x0000000003330000, 0x0000000011ee0000]
 total_blobs=1358 nmethods=1087 adapters=184
 compilation: enabled

Compilation events (10 events):
Event: 0.949 Thread 0x0000000016d6b800 nmethod 1060 0x000000000330fc50 code [0x000000000330fea0, 0x0000000003310cd8]
Event: 0.949 Thread 0x0000000016d6b800 1063       3       com.android.dx.ssa.SsaConverter::placePhiFunctions (394 bytes)
Event: 0.952 Thread 0x0000000016d6b800 nmethod 1063 0x0000000003311350 code [0x0000000003311900, 0x0000000003314f48]
Event: 0.952 Thread 0x0000000016d6b800 1062       3       com.android.dx.rop.code.RegisterSpecSet::size (49 bytes)
Event: 0.952 Thread 0x0000000016d6b800 nmethod 1062 0x0000000003304a90 code [0x0000000003304c00, 0x0000000003304e90]
Event: 0.952 Thread 0x0000000016d6b800 1073       3       com.android.dx.ssa.SsaMethod::getUseListCopy (56 bytes)
Event: 0.952 Thread 0x0000000016d6b800 nmethod 1073 0x0000000003318710 code [0x00000000033188a0, 0x0000000003318db8]
Event: 0.952 Thread 0x0000000016d6b800 1068       3       com.android.dx.ssa.PhiInsn::getSources (95 bytes)
Event: 0.953 Thread 0x0000000016d6b800 nmethod 1068 0x0000000003318fd0 code [0x0000000003319240, 0x000000000331a258]
Event: 0.953 Thread 0x0000000016d6b800 1072       3       com.android.dx.dex.code.RopTranslator::getRegs (64 bytes)

GC Heap History (0 events):
No events

Deoptimization events (6 events):
Event: 0.380 Thread 0x0000000002de0800 Uncommon trap: reason=unstable_if action=reinterpret pc=0x000000000303d2d4 method=java.lang.String.compareTo(Ljava/lang/String;)I @ 38
Event: 0.652 Thread 0x0000000002de0800 Uncommon trap: reason=unstable_if action=reinterpret pc=0x00000000031069bc method=java.util.HashMap.getNode(ILjava/lang/Object;)Ljava/util/HashMap$Node; @ 62
Event: 0.700 Thread 0x000000001700b000 Uncommon trap: reason=unstable_if action=reinterpret pc=0x00000000031275f0 method=java.util.BitSet.nextSetBit(I)I @ 87
Event: 0.852 Thread 0x000000001700b000 Uncommon trap: reason=unstable_if action=reinterpret pc=0x000000000327b594 method=java.util.HashMap.getNode(ILjava/lang/Object;)Ljava/util/HashMap$Node; @ 129
Event: 0.858 Thread 0x000000001700b000 Uncommon trap: reason=unstable_if action=reinterpret pc=0x000000000312bcfc method=java.util.HashMap.getNode(ILjava/lang/Object;)Ljava/util/HashMap$Node; @ 129
Event: 0.867 Thread 0x0000000016f7e800 Uncommon trap: reason=unstable_if action=reinterpret pc=0x00000000031d90bc method=java.util.HashMap.getNode(ILjava/lang/Object;)Ljava/util/HashMap$Node; @ 129

Internal exceptions (2 events):
Event: 0.042 Thread 0x0000000002de0800 Exception <a 'java/lang/NoSuchMethodError': Method sun.misc.Unsafe.defineClass(Ljava/lang/String;[BII)Ljava/lang/Class; name or signature does not match> (0x00000000eab07cc0) thrown at [C:\re\workspace\8-2-build-windows-amd64-cygwin\jdk8u101\7261\hotspot\s*G=“_{¥?
Event: 0.042 Thread 0x0000000002de0800 Exception <a 'java/lang/NoSuchMethodError': Method sun.misc.Unsafe.prefetchRead(Ljava/lang/Object;J)V name or signature does not match> (0x00000000eab07fa8) thrown at [C:\re\workspace\8-2-build-windows-amd64-cygwin\jdk8u101\7261\hotspot\src\share\vm\prims\

Events (10 events):
Event: 0.852 Thread 0x000000001700b000 DEOPT PACKING pc=0x000000000327b594 sp=0x000000001750e6a0
Event: 0.852 Thread 0x000000001700b000 DEOPT UNPACKING pc=0x0000000002f2582a sp=0x000000001750e570 mode 2
Event: 0.858 Thread 0x000000001700b000 Uncommon trap: trap_request=0xffffff65 fr.pc=0x000000000312bcfc
Event: 0.858 Thread 0x000000001700b000 DEOPT PACKING pc=0x000000000312bcfc sp=0x000000001750e7d0
Event: 0.858 Thread 0x000000001700b000 DEOPT UNPACKING pc=0x0000000002f2582a sp=0x000000001750e6f0 mode 2
Event: 0.867 Thread 0x0000000016f7e800 Uncommon trap: trap_request=0xffffff65 fr.pc=0x00000000031d90bc
Event: 0.867 Thread 0x0000000016f7e800 DEOPT PACKING pc=0x00000000031d90bc sp=0x000000001790ead0
Event: 0.867 Thread 0x0000000016f7e800 DEOPT UNPACKING pc=0x0000000002f2582a sp=0x000000001790ea48 mode 2
Event: 0.950 loading class com/android/dx/cf/code/BytecodeArray$ConstantParserVisitor
Event: 0.950 loading class com/android/dx/cf/code/BytecodeArray$ConstantParserVisitor done


Dynamic libraries:
0x00007ff727060000 - 0x00007ff727097000 	D:\java_8\bin\java.exe
0x00007fff61220000 - 0x00007fff613f1000 	C:\Windows\SYSTEM32\ntdll.dll
0x00007fff60e70000 - 0x00007fff60f1b000 	C:\Windows\System32\KERNEL32.DLL
0x00007fff5e590000 - 0x00007fff5e7ad000 	C:\Windows\System32\KERNELBASE.dll
0x00007fff60a80000 - 0x00007fff60b22000 	C:\Windows\System32\ADVAPI32.dll
0x00007fff609e0000 - 0x00007fff60a7e000 	C:\Windows\System32\msvcrt.dll
0x00007fff61050000 - 0x00007fff610a9000 	C:\Windows\System32\sechost.dll
0x00007fff603e0000 - 0x00007fff60501000 	C:\Windows\System32\RPCRT4.dll
0x00007fff610b0000 - 0x00007fff61215000 	C:\Windows\System32\USER32.dll
0x00007fff5e0d0000 - 0x00007fff5e0ee000 	C:\Windows\System32\win32u.dll
0x00007fff603a0000 - 0x00007fff603d4000 	C:\Windows\System32\GDI32.dll
0x00007fff5df40000 - 0x00007fff5e0c2000 	C:\Windows\System32\gdi32full.dll
0x00007fff47e70000 - 0x00007fff480ea000 	C:\Windows\WinSxS\amd64_microsoft.windows.common-controls_6595b64144ccf1df_6.0.14393.953_none_42151e83c686086b\COMCTL32.dll
0x00007fff600b0000 - 0x00007fff60378000 	C:\Windows\System32\combase.dll
0x00007fff5e1a0000 - 0x00007fff5e295000 	C:\Windows\System32\ucrtbase.dll
0x00007fff5e350000 - 0x00007fff5e3ba000 	C:\Windows\System32\bcryptPrimitives.dll
0x00007fff60510000 - 0x00007fff6053e000 	C:\Windows\System32\IMM32.DLL
0x0000000059790000 - 0x0000000059862000 	D:\java_8\jre\bin\msvcr100.dll
0x0000000058ef0000 - 0x000000005978a000 	D:\java_8\jre\bin\server\jvm.dll
0x00007fff60380000 - 0x00007fff60388000 	C:\Windows\System32\PSAPI.DLL
0x00007fff52af0000 - 0x00007fff52af9000 	C:\Windows\SYSTEM32\WSOCK32.dll
0x00007fff60970000 - 0x00007fff609da000 	C:\Windows\System32\WS2_32.dll
0x00007fff5b7d0000 - 0x00007fff5b7f3000 	C:\Windows\SYSTEM32\WINMM.dll
0x00007fff51f00000 - 0x00007fff51f0a000 	C:\Windows\SYSTEM32\VERSION.dll
0x00007fff5b740000 - 0x00007fff5b76b000 	C:\Windows\SYSTEM32\WINMMBASE.dll
0x00007fff5e300000 - 0x00007fff5e342000 	C:\Windows\System32\cfgmgr32.dll
0x000000005a920000 - 0x000000005a92f000 	D:\java_8\jre\bin\verify.dll
0x0000000058ec0000 - 0x0000000058ee9000 	D:\java_8\jre\bin\java.dll
0x0000000058ea0000 - 0x0000000058eb6000 	D:\java_8\jre\bin\zip.dll
0x00007fff5eb30000 - 0x00007fff60038000 	C:\Windows\System32\SHELL32.dll
0x00007fff5d7b0000 - 0x00007fff5de8a000 	C:\Windows\System32\windows.storage.dll
0x00007fff5d6c0000 - 0x00007fff5d70c000 	C:\Windows\System32\powrprof.dll
0x00007fff60040000 - 0x00007fff60092000 	C:\Windows\System32\shlwapi.dll
0x00007fff5d6b0000 - 0x00007fff5d6bf000 	C:\Windows\System32\kernel.appcore.dll
0x00007fff5de90000 - 0x00007fff5df39000 	C:\Windows\System32\shcore.dll
0x00007fff5d680000 - 0x00007fff5d694000 	C:\Windows\System32\profapi.dll

VM Arguments:
jvm_args: -Djava.awt.headless=true -Xmx1024M -Dfile.encoding=GBK -Duser.country=CN -Duser.language=zh -Duser.variant 
java_command: com.android.dx.command.Main --dex --num-threads=4 --output C:\Users\hoshino\Desktop\ikaros\app\build\intermediates\pre-dexed\debug\OGE_2.1.4_1ba64947372cad45d0b2241dcbeec2af99b9a6f2.jar C:\Users\hoshino\Desktop\ikaros\app\libs\OGE_2.1.4.jar
java_class_path (initial): E:\AndroidSDK\build-tools\25.0.2\lib\dx.jar
Launcher Type: SUN_STANDARD

Environment Variables:
PATH=C:\Windows\system32;C:\Windows;C:\Windows\System32\Wbem;C:\Windows\System32\WindowsPowerShell\v1.0\;D:\java_8\bin;D:\java_8\jre\bin;D:\Git\cmd;C:\Users\hoshino\AppData\Local\Microsoft\WindowsApps;
USERNAME=hoshino
OS=Windows_NT
PROCESSOR_IDENTIFIER=Intel64 Family 6 Model 94 Stepping 3, GenuineIntel



---------------  S Y S T E M  ---------------

OS: Windows 10.0 , 64 bit Build 14393 (10.0.14393.0)

CPU:total 4 (4 cores per cpu, 1 threads per core) family 6 model 94 stepping 3, cmov, cx8, fxsr, mmx, sse, sse2, sse3, ssse3, sse4.1, sse4.2, popcnt, avx, avx2, aes, clmul, erms, rtm, 3dnowpref, lzcnt, tsc, tscinvbit, bmi1, bmi2, adx

Memory: 4k page, physical 8178600k(897980k free), swap 16043172k(1504k free)

vm_info: Java HotSpot(TM) 64-Bit Server VM (25.101-b13) for windows-amd64 JRE (1.8.0_101-b13), built on Jun 22 2016 01:21:29 by "java_re" with MS VC++ 10.0 (VS2010)

time: Thu Apr 20 16:51:18 2017
elapsed time: 0 seconds (0d 0h 0m 0s)

