#
# There is insufficient memory for the Java Runtime Environment to continue.
# Native memory allocation (malloc) failed to allocate 262160 bytes for Chunk::new
# Possible reasons:
#   The system is out of physical RAM or swap space
#   In 32 bit mode, the process size limit was hit
# Possible solutions:
#   Reduce memory load on the system
#   Increase physical memory or swap space
#   Check if swap backing store is full
#   Use 64 bit Java on a 64 bit OS
#   Decrease Java heap size (-Xmx/-Xms)
#   Decrease number of Java threads
#   Decrease Java thread stack sizes (-Xss)
#   Set larger code cache with -XX:ReservedCodeCacheSize=
# This output file may be truncated or incomplete.
#
#  Out of Memory Error (allocation.cpp:390), pid=17004, tid=0x0000000000002bd8
#
# JRE version: Java(TM) SE Runtime Environment (8.0_101-b13) (build 1.8.0_101-b13)
# Java VM: Java HotSpot(TM) 64-Bit Server VM (25.101-b13 mixed mode windows-amd64 compressed oops)
# Failed to write core dump. Minidumps are not enabled by default on client versions of Windows
#

---------------  T H R E A D  ---------------

Current thread (0x0000000015529800):  JavaThread "C2 CompilerThread0" daemon [_thread_in_native, id=11224, stack(0x0000000016a20000,0x0000000016b20000)]

Stack: [0x0000000016a20000,0x0000000016b20000]
[error occurred during error reporting (printing stack bounds), id 0xc0000005]

Native frames: (J=compiled Java code, j=interpreted, Vv=VM code, C=native code)


Current CompileTask:
C2:   1615 1557   !   4       com.android.dx.cf.code.BytecodeArray::parseInstruction (2764 bytes)


---------------  P R O C E S S  ---------------

Java Threads: ( => current thread )
  0x0000000016f9d800 JavaThread "pool-1-thread-4" [_thread_blocked, id=5264, stack(0x0000000017f20000,0x0000000018020000)]
  0x0000000016eba000 JavaThread "pool-1-thread-3" [_thread_blocked, id=10468, stack(0x0000000017e20000,0x0000000017f20000)]
  0x0000000016eb9000 JavaThread "pool-1-thread-2" [_thread_blocked, id=10052, stack(0x0000000017d20000,0x0000000017e20000)]
  0x0000000016e81000 JavaThread "pool-2-thread-1" [_thread_blocked, id=4780, stack(0x0000000017c20000,0x0000000017d20000)]
  0x0000000016e88000 JavaThread "pool-1-thread-1" [_thread_in_Java, id=17336, stack(0x0000000017b20000,0x0000000017c20000)]
  0x0000000016c87800 JavaThread "Service Thread" daemon [_thread_blocked, id=11312, stack(0x0000000017120000,0x0000000017220000)]
  0x0000000016c7b800 JavaThread "C1 CompilerThread2" daemon [_thread_blocked, id=1520, stack(0x0000000017020000,0x0000000017120000)]
  0x000000001552b800 JavaThread "C2 CompilerThread1" daemon [_thread_in_native, id=13112, stack(0x0000000016b20000,0x0000000016c20000)]
=>0x0000000015529800 JavaThread "C2 CompilerThread0" daemon [_thread_in_native, id=11224, stack(0x0000000016a20000,0x0000000016b20000)]
  0x0000000015528000 JavaThread "Attach Listener" daemon [_thread_blocked, id=6540, stack(0x0000000016920000,0x0000000016a20000)]
  0x0000000015527000 JavaThread "Signal Dispatcher" daemon [_thread_blocked, id=4376, stack(0x0000000016820000,0x0000000016920000)]
  0x00000000029e4800 JavaThread "Finalizer" daemon [_thread_blocked, id=14924, stack(0x0000000016720000,0x0000000016820000)]
  0x00000000029df000 JavaThread "Reference Handler" daemon [_thread_blocked, id=2976, stack(0x0000000016620000,0x0000000016720000)]
  0x00000000028f0800 JavaThread "main" [_thread_blocked, id=16988, stack(0x0000000001080000,0x0000000001180000)]

Other Threads:
  0x0000000015497000 VMThread [stack: 0x0000000016520000,0x0000000016620000] [id=1108]
  0x0000000016ce6000 WatcherThread [stack: 0x0000000017220000,0x0000000017320000] [id=10448]

VM state:not at safepoint (normal execution)

VM Mutex/Monitor currently owned by a thread: None

Heap:
 PSYoungGen      total 70656K, used 25027K [0x00000000eab00000, 0x00000000ef500000, 0x0000000100000000)
  eden space 65536K, 30% used [0x00000000eab00000,0x00000000ebe720a8,0x00000000eeb00000)
  from space 5120K, 99% used [0x00000000ef000000,0x00000000ef4fec90,0x00000000ef500000)
  to   space 5120K, 0% used [0x00000000eeb00000,0x00000000eeb00000,0x00000000ef000000)
 ParOldGen       total 86016K, used 4042K [0x00000000c0000000, 0x00000000c5400000, 0x00000000eab00000)
  object space 86016K, 4% used [0x00000000c0000000,0x00000000c03f2aa0,0x00000000c5400000)
 Metaspace       used 6157K, capacity 7092K, committed 7296K, reserved 1056768K
  class space    used 600K, capacity 620K, committed 640K, reserved 1048576K

Card table byte_map: [0x0000000012320000,0x0000000012530000] byte_map_base: 0x0000000011d20000

Marking Bits: (ParMarkBitMap*) 0x000000005970a6d0
 Begin Bits: [0x0000000012930000, 0x0000000013930000)
 End Bits:   [0x0000000013930000, 0x0000000014930000)

Polling page: 0x0000000000d30000

CodeCache: size=245760Kb used=6095Kb max_used=6095Kb free=239664Kb
 bounds [0x0000000002f60000, 0x0000000003560000, 0x0000000011f60000]
 total_blobs=1853 nmethods=1582 adapters=184
 compilation: enabled

Compilation events (10 events):
Event: 1.570 Thread 0x0000000016c7b800 1598       2       com.android.dx.ssa.SsaMethod::makeNewSsaReg (26 bytes)
Event: 1.570 Thread 0x0000000016c7b800 nmethod 1598 0x0000000003557490 code [0x00000000035575e0, 0x0000000003557770]
Event: 1.571 Thread 0x0000000016c7b800 1599       2       java.lang.String::lastIndexOf (151 bytes)
Event: 1.571 Thread 0x0000000016c7b800 nmethod 1599 0x0000000003557810 code [0x00000000035579a0, 0x0000000003557d50]
Event: 1.571 Thread 0x0000000016c7b800 1600       2       java.lang.String::<init> (15 bytes)
Event: 1.571 Thread 0x0000000016c7b800 nmethod 1600 0x00000000035581d0 code [0x0000000003558340, 0x00000000035585c8]
Event: 1.576 Thread 0x0000000016c7b800 1601       2       com.android.dx.util.Hex::u2 (44 bytes)
Event: 1.576 Thread 0x0000000016c7b800 nmethod 1601 0x00000000035586d0 code [0x0000000003558860, 0x0000000003558cb8]
Event: 1.577 Thread 0x0000000016c7b800 1602       2       com.android.dx.cf.code.OneLocalsArray::makeInitialized (55 bytes)
Event: 1.577 Thread 0x0000000016c7b800 nmethod 1602 0x0000000003558e90 code [0x0000000003559020, 0x00000000035593b8]

GC Heap History (4 events):
Event: 0.918 GC heap before
{Heap before GC invocations=1 (full 0):
 PSYoungGen      total 37888K, used 32768K [0x00000000eab00000, 0x00000000ed500000, 0x0000000100000000)
  eden space 32768K, 100% used [0x00000000eab00000,0x00000000ecb00000,0x00000000ecb00000)
  from space 5120K, 0% used [0x00000000ed000000,0x00000000ed000000,0x00000000ed500000)
  to   space 5120K, 0% used [0x00000000ecb00000,0x00000000ecb00000,0x00000000ed000000)
 ParOldGen       total 86016K, used 0K [0x00000000c0000000, 0x00000000c5400000, 0x00000000eab00000)
  object space 86016K, 0% used [0x00000000c0000000,0x00000000c0000000,0x00000000c5400000)
 Metaspace       used 5845K, capacity 6834K, committed 7040K, reserved 1056768K
  class space    used 597K, capacity 618K, committed 640K, reserved 1048576K
Event: 1.008 GC heap after
Heap after GC invocations=1 (full 0):
 PSYoungGen      total 37888K, used 5117K [0x00000000eab00000, 0x00000000ef500000, 0x0000000100000000)
  eden space 32768K, 0% used [0x00000000eab00000,0x00000000eab00000,0x00000000ecb00000)
  from space 5120K, 99% used [0x00000000ecb00000,0x00000000ecfff720,0x00000000ed000000)
  to   space 5120K, 0% used [0x00000000ef000000,0x00000000ef000000,0x00000000ef500000)
 ParOldGen       total 86016K, used 672K [0x00000000c0000000, 0x00000000c5400000, 0x00000000eab00000)
  object space 86016K, 0% used [0x00000000c0000000,0x00000000c00a82f8,0x00000000c5400000)
 Metaspace       used 5845K, capacity 6834K, committed 7040K, reserved 1056768K
  class space    used 597K, capacity 618K, committed 640K, reserved 1048576K
}
Event: 1.371 GC heap before
{Heap before GC invocations=2 (full 0):
 PSYoungGen      total 37888K, used 37885K [0x00000000eab00000, 0x00000000ef500000, 0x0000000100000000)
  eden space 32768K, 100% used [0x00000000eab00000,0x00000000ecb00000,0x00000000ecb00000)
  from space 5120K, 99% used [0x00000000ecb00000,0x00000000ecfff720,0x00000000ed000000)
  to   space 5120K, 0% used [0x00000000ef000000,0x00000000ef000000,0x00000000ef500000)
 ParOldGen       total 86016K, used 672K [0x00000000c0000000, 0x00000000c5400000, 0x00000000eab00000)
  object space 86016K, 0% used [0x00000000c0000000,0x00000000c00a82f8,0x00000000c5400000)
 Metaspace       used 6095K, capacity 7028K, committed 7296K, reserved 1056768K
  class space    used 600K, capacity 620K, committed 640K, reserved 1048576K
Event: 1.446 GC heap after
Heap after GC invocations=2 (full 0):
 PSYoungGen      total 70656K, used 5115K [0x00000000eab00000, 0x00000000ef500000, 0x0000000100000000)
  eden space 65536K, 0% used [0x00000000eab00000,0x00000000eab00000,0x00000000eeb00000)
  from space 5120K, 99% used [0x00000000ef000000,0x00000000ef4fec90,0x00000000ef500000)
  to   space 5120K, 0% used [0x00000000eeb00000,0x00000000eeb00000,0x00000000ef000000)
 ParOldGen       total 86016K, used 4042K [0x00000000c0000000, 0x00000000c5400000, 0x00000000eab00000)
  object space 86016K, 4% used [0x00000000c0000000,0x00000000c03f2aa0,0x00000000c5400000)
 Metaspace       used 6095K, capacity 7028K, committed 7296K, reserved 1056768K
  class space    used 600K, capacity 620K, committed 640K, reserved 1048576K
}

Deoptimization events (10 events):
Event: 1.039 Thread 0x0000000016eb9000 Uncommon trap: reason=bimorphic action=maybe_recompile pc=0x0000000003298e34 method=java.util.HashMap.getNode(ILjava/lang/Object;)Ljava/util/HashMap$Node; @ 126
Event: 1.039 Thread 0x0000000016eb9000 Uncommon trap: reason=bimorphic action=maybe_recompile pc=0x0000000003298e34 method=java.util.HashMap.getNode(ILjava/lang/Object;)Ljava/util/HashMap$Node; @ 126
Event: 1.041 Thread 0x0000000016eb9000 Uncommon trap: reason=bimorphic action=maybe_recompile pc=0x0000000003298e34 method=java.util.HashMap.getNode(ILjava/lang/Object;)Ljava/util/HashMap$Node; @ 126
Event: 1.041 Thread 0x0000000016eb9000 Uncommon trap: reason=bimorphic action=maybe_recompile pc=0x0000000003298e34 method=java.util.HashMap.getNode(ILjava/lang/Object;)Ljava/util/HashMap$Node; @ 126
Event: 1.070 Thread 0x0000000016eb9000 Uncommon trap: reason=bimorphic action=maybe_recompile pc=0x0000000003285960 method=java.util.HashMap.getNode(ILjava/lang/Object;)Ljava/util/HashMap$Node; @ 126
Event: 1.535 Thread 0x0000000016eba000 Uncommon trap: reason=bimorphic action=maybe_recompile pc=0x0000000003511804 method=com.android.dx.cf.code.BytecodeArray.parseInstruction(ILcom/android/dx/cf/code/BytecodeArray$Visitor;)I @ 1130
Event: 1.535 Thread 0x0000000016eba000 Uncommon trap: reason=bimorphic action=maybe_recompile pc=0x0000000003511804 method=com.android.dx.cf.code.BytecodeArray.parseInstruction(ILcom/android/dx/cf/code/BytecodeArray$Visitor;)I @ 1130
Event: 1.535 Thread 0x0000000016eba000 Uncommon trap: reason=bimorphic action=maybe_recompile pc=0x0000000003511804 method=com.android.dx.cf.code.BytecodeArray.parseInstruction(ILcom/android/dx/cf/code/BytecodeArray$Visitor;)I @ 1130
Event: 1.535 Thread 0x0000000016eba000 Uncommon trap: reason=bimorphic action=maybe_recompile pc=0x0000000003511804 method=com.android.dx.cf.code.BytecodeArray.parseInstruction(ILcom/android/dx/cf/code/BytecodeArray$Visitor;)I @ 1130
Event: 1.559 Thread 0x0000000016eba000 Uncommon trap: reason=null_check action=make_not_entrant pc=0x000000000340e3ac method=com.android.dx.ssa.SsaRenamer.getLocalForNewReg(I)Lcom/android/dx/rop/code/LocalItem; @ 19

Internal exceptions (4 events):
Event: 0.056 Thread 0x00000000028f0800 Exception <a 'java/lang/NoSuchMethodError': Method sun.misc.Unsafe.defineClass(Ljava/lang/String;[BII)Ljava/lang/Class; name or signature does not match> (0x00000000eab07cc0) thrown at [C:\re\workspace\8-2-build-windows-amd64-cygwin\jdk8u101\7261\hotspot\sÄp9Å¨¬?
Event: 0.056 Thread 0x00000000028f0800 Exception <a 'java/lang/NoSuchMethodError': Method sun.misc.Unsafe.prefetchRead(Ljava/lang/Object;J)V name or signature does not match> (0x00000000eab07fa8) thrown at [C:\re\workspace\8-2-build-windows-amd64-cygwin\jdk8u101\7261\hotspot\src\share\vm\prims\$|ïoÐ^ð?
Event: 1.023 Thread 0x0000000016f9d800 Implicit null exception at 0x00000000032abee2 to 0x00000000032abfda
Event: 1.559 Thread 0x0000000016eba000 Implicit null exception at 0x000000000340d409 to 0x000000000340e379

Events (10 events):
Event: 1.535 Thread 0x0000000016eba000 DEOPT UNPACKING pc=0x0000000002fa582a sp=0x0000000017f1e5c8 mode 2
Event: 1.535 Thread 0x0000000016eba000 Uncommon trap: trap_request=0xffffffc6 fr.pc=0x0000000003511804
Event: 1.535 Thread 0x0000000016eba000 DEOPT PACKING pc=0x0000000003511804 sp=0x0000000017f1e7e0
Event: 1.535 Thread 0x0000000016eba000 DEOPT UNPACKING pc=0x0000000002fa582a sp=0x0000000017f1e768 mode 2
Event: 1.535 Thread 0x0000000016eba000 Uncommon trap: trap_request=0xffffffc6 fr.pc=0x0000000003511804
Event: 1.535 Thread 0x0000000016eba000 DEOPT PACKING pc=0x0000000003511804 sp=0x0000000017f1e640
Event: 1.535 Thread 0x0000000016eba000 DEOPT UNPACKING pc=0x0000000002fa582a sp=0x0000000017f1e5c8 mode 2
Event: 1.559 Thread 0x0000000016eba000 Uncommon trap: trap_request=0xfffffff4 fr.pc=0x000000000340e3ac
Event: 1.559 Thread 0x0000000016eba000 DEOPT PACKING pc=0x000000000340e3ac sp=0x0000000017f1e6d0
Event: 1.559 Thread 0x0000000016eba000 DEOPT UNPACKING pc=0x0000000002fa582a sp=0x0000000017f1e528 mode 2


Dynamic libraries:
0x00007ff727060000 - 0x00007ff727097000 	D:\java_8\bin\java.exe
0x00007fff61220000 - 0x00007fff613f1000 	C:\Windows\SYSTEM32\ntdll.dll
0x00007fff60e70000 - 0x00007fff60f1b000 	C:\Windows\System32\KERNEL32.DLL
0x00007fff5e590000 - 0x00007fff5e7ad000 	C:\Windows\System32\KERNELBASE.dll
0x00007fff60a80000 - 0x00007fff60b22000 	C:\Windows\System32\ADVAPI32.dll
0x00007fff609e0000 - 0x00007fff60a7e000 	C:\Windows\System32\msvcrt.dll
0x00007fff61050000 - 0x00007fff610a9000 	C:\Windows\System32\sechost.dll
0x00007fff603e0000 - 0x00007fff60501000 	C:\Windows\System32\RPCRT4.dll
0x00007fff610b0000 - 0x00007fff61215000 	C:\Windows\System32\USER32.dll
0x00007fff5e0d0000 - 0x00007fff5e0ee000 	C:\Windows\System32\win32u.dll
0x00007fff603a0000 - 0x00007fff603d4000 	C:\Windows\System32\GDI32.dll
0x00007fff5df40000 - 0x00007fff5e0c2000 	C:\Windows\System32\gdi32full.dll
0x00007fff47e70000 - 0x00007fff480ea000 	C:\Windows\WinSxS\amd64_microsoft.windows.common-controls_6595b64144ccf1df_6.0.14393.953_none_42151e83c686086b\COMCTL32.dll
0x00007fff600b0000 - 0x00007fff60378000 	C:\Windows\System32\combase.dll
0x00007fff5e1a0000 - 0x00007fff5e295000 	C:\Windows\System32\ucrtbase.dll
0x00007fff5e350000 - 0x00007fff5e3ba000 	C:\Windows\System32\bcryptPrimitives.dll
0x00007fff60510000 - 0x00007fff6053e000 	C:\Windows\System32\IMM32.DLL
0x0000000059790000 - 0x0000000059862000 	D:\java_8\jre\bin\msvcr100.dll
0x0000000058ef0000 - 0x000000005978a000 	D:\java_8\jre\bin\server\jvm.dll
0x00007fff60380000 - 0x00007fff60388000 	C:\Windows\System32\PSAPI.DLL
0x00007fff52af0000 - 0x00007fff52af9000 	C:\Windows\SYSTEM32\WSOCK32.dll
0x00007fff60970000 - 0x00007fff609da000 	C:\Windows\System32\WS2_32.dll
0x00007fff5b7d0000 - 0x00007fff5b7f3000 	C:\Windows\SYSTEM32\WINMM.dll
0x00007fff51f00000 - 0x00007fff51f0a000 	C:\Windows\SYSTEM32\VERSION.dll
0x00007fff5b740000 - 0x00007fff5b76b000 	C:\Windows\SYSTEM32\WINMMBASE.dll
0x00007fff5e300000 - 0x00007fff5e342000 	C:\Windows\System32\cfgmgr32.dll
0x000000005a920000 - 0x000000005a92f000 	D:\java_8\jre\bin\verify.dll
0x0000000058ec0000 - 0x0000000058ee9000 	D:\java_8\jre\bin\java.dll
0x0000000058ea0000 - 0x0000000058eb6000 	D:\java_8\jre\bin\zip.dll
0x00007fff5eb30000 - 0x00007fff60038000 	C:\Windows\System32\SHELL32.dll
0x00007fff5d7b0000 - 0x00007fff5de8a000 	C:\Windows\System32\windows.storage.dll
0x00007fff5d6c0000 - 0x00007fff5d70c000 	C:\Windows\System32\powrprof.dll
0x00007fff60040000 - 0x00007fff60092000 	C:\Windows\System32\shlwapi.dll
0x00007fff5d6b0000 - 0x00007fff5d6bf000 	C:\Windows\System32\kernel.appcore.dll
0x00007fff5de90000 - 0x00007fff5df39000 	C:\Windows\System32\shcore.dll
0x00007fff5d680000 - 0x00007fff5d694000 	C:\Windows\System32\profapi.dll

VM Arguments:
jvm_args: -Djava.awt.headless=true -Xmx1024M -Dfile.encoding=GBK -Duser.country=CN -Duser.language=zh -Duser.variant 
java_command: com.android.dx.command.Main --dex --num-threads=4 --output C:\Users\hoshino\Desktop\ikaros\app\build\intermediates\pre-dexed\debug\OGE_2.1.4_1ba64947372cad45d0b2241dcbeec2af99b9a6f2.jar C:\Users\hoshino\Desktop\ikaros\app\libs\OGE_2.1.4.jar
java_class_path (initial): E:\AndroidSDK\build-tools\25.0.2\lib\dx.jar
Launcher Type: SUN_STANDARD

Environment Variables:
PATH=C:\Windows\system32;C:\Windows;C:\Windows\System32\Wbem;C:\Windows\System32\WindowsPowerShell\v1.0\;D:\java_8\bin;D:\java_8\jre\bin;D:\Git\cmd;C:\Users\hoshino\AppData\Local\Microsoft\WindowsApps;
USERNAME=hoshino
OS=Windows_NT
PROCESSOR_IDENTIFIER=Intel64 Family 6 Model 94 Stepping 3, GenuineIntel



---------------  S Y S T E M  ---------------

OS: Windows 10.0 , 64 bit Build 14393 (10.0.14393.0)

CPU:total 4 (4 cores per cpu, 1 threads per core) family 6 model 94 stepping 3, cmov, cx8, fxsr, mmx, sse, sse2, sse3, ssse3, sse4.1, sse4.2, popcnt, avx, avx2, aes, clmul, erms, rtm, 3dnowpref, lzcnt, tsc, tscinvbit, bmi1, bmi2, adx

Memory: 4k page, physical 8178600k(845144k free), swap 16043172k(3428k free)

vm_info: Java HotSpot(TM) 64-Bit Server VM (25.101-b13) for windows-amd64 JRE (1.8.0_101-b13), built on Jun 22 2016 01:21:29 by "java_re" with MS VC++ 10.0 (VS2010)

time: Thu Apr 20 16:51:59 2017
elapsed time: 1 seconds (0d 0h 0m 1s)

