#
# There is insufficient memory for the Java Runtime Environment to continue.
# Native memory allocation (malloc) failed to allocate 40480 bytes for Chunk::new
# Possible reasons:
#   The system is out of physical RAM or swap space
#   In 32 bit mode, the process size limit was hit
# Possible solutions:
#   Reduce memory load on the system
#   Increase physical memory or swap space
#   Check if swap backing store is full
#   Use 64 bit Java on a 64 bit OS
#   Decrease Java heap size (-Xmx/-Xms)
#   Decrease number of Java threads
#   Decrease Java thread stack sizes (-Xss)
#   Set larger code cache with -XX:ReservedCodeCacheSize=
# This output file may be truncated or incomplete.
#
#  Out of Memory Error (allocation.cpp:390), pid=10084, tid=0x0000000000000c20
#
# JRE version: Java(TM) SE Runtime Environment (8.0_101-b13) (build 1.8.0_101-b13)
# Java VM: Java HotSpot(TM) 64-Bit Server VM (25.101-b13 mixed mode windows-amd64 compressed oops)
# Failed to write core dump. Minidumps are not enabled by default on client versions of Windows
#

---------------  T H R E A D  ---------------

Current thread (0x00000000170dc800):  JavaThread "C1 CompilerThread2" daemon [_thread_in_native, id=3104, stack(0x0000000017580000,0x0000000017680000)]

Stack: [0x0000000017580000,0x0000000017680000]
[error occurred during error reporting (printing stack bounds), id 0xc0000005]

Native frames: (J=compiled Java code, j=interpreted, Vv=VM code, C=native code)


Current CompileTask:
C1:    525  490   !   3       com.android.dx.cf.code.BytecodeArray::parseInstruction (2764 bytes)


---------------  P R O C E S S  ---------------

Java Threads: ( => current thread )
  0x00000000171d9000 JavaThread "pool-1-thread-4" [_thread_blocked, id=5764, stack(0x0000000017c80000,0x0000000017d80000)]
  0x00000000171d8000 JavaThread "pool-1-thread-3" [_thread_blocked, id=5612, stack(0x0000000017b80000,0x0000000017c80000)]
  0x00000000171d7800 JavaThread "pool-1-thread-2" [_thread_blocked, id=12492, stack(0x0000000017a80000,0x0000000017b80000)]
  0x00000000171d4800 JavaThread "pool-2-thread-1" [_thread_blocked, id=5532, stack(0x0000000017980000,0x0000000017a80000)]
  0x00000000171ce000 JavaThread "pool-1-thread-1" [_thread_in_Java, id=16120, stack(0x0000000017880000,0x0000000017980000)]
  0x0000000017107800 JavaThread "Service Thread" daemon [_thread_blocked, id=6752, stack(0x0000000017680000,0x0000000017780000)]
=>0x00000000170dc800 JavaThread "C1 CompilerThread2" daemon [_thread_in_native, id=3104, stack(0x0000000017580000,0x0000000017680000)]
  0x0000000015a7d000 JavaThread "C2 CompilerThread1" daemon [_thread_in_native, id=1424, stack(0x0000000017480000,0x0000000017580000)]
  0x0000000015a7a800 JavaThread "C2 CompilerThread0" daemon [_thread_blocked, id=15536, stack(0x0000000016f80000,0x0000000017080000)]
  0x0000000015a79000 JavaThread "Attach Listener" daemon [_thread_blocked, id=6448, stack(0x0000000016e80000,0x0000000016f80000)]
  0x0000000015a78000 JavaThread "Signal Dispatcher" daemon [_thread_blocked, id=6568, stack(0x0000000016d80000,0x0000000016e80000)]
  0x0000000015a0a800 JavaThread "Finalizer" daemon [_thread_blocked, id=12232, stack(0x0000000016c80000,0x0000000016d80000)]
  0x000000000333f000 JavaThread "Reference Handler" daemon [_thread_blocked, id=14012, stack(0x0000000016b80000,0x0000000016c80000)]
  0x0000000003250800 JavaThread "main" [_thread_blocked, id=15848, stack(0x0000000003150000,0x0000000003250000)]

Other Threads:
  0x00000000159e7000 VMThread [stack: 0x0000000016a80000,0x0000000016b80000] [id=10492]
  0x000000001715e000 WatcherThread [stack: 0x0000000017780000,0x0000000017880000] [id=5008]

VM state:not at safepoint (normal execution)

VM Mutex/Monitor currently owned by a thread: None

Heap:
 PSYoungGen      total 37888K, used 13161K [0x00000000eab00000, 0x00000000ed500000, 0x0000000100000000)
  eden space 32768K, 40% used [0x00000000eab00000,0x00000000eb7da7a0,0x00000000ecb00000)
  from space 5120K, 0% used [0x00000000ed000000,0x00000000ed000000,0x00000000ed500000)
  to   space 5120K, 0% used [0x00000000ecb00000,0x00000000ecb00000,0x00000000ed000000)
 ParOldGen       total 86016K, used 0K [0x00000000c0000000, 0x00000000c5400000, 0x00000000eab00000)
  object space 86016K, 0% used [0x00000000c0000000,0x00000000c0000000,0x00000000c5400000)
 Metaspace       used 5240K, capacity 6448K, committed 6528K, reserved 1056768K
  class space    used 574K, capacity 616K, committed 640K, reserved 1048576K

Card table byte_map: [0x0000000012710000,0x0000000012920000] byte_map_base: 0x0000000012110000

Marking Bits: (ParMarkBitMap*) 0x000000005970a6d0
 Begin Bits: [0x0000000012e80000, 0x0000000013e80000)
 End Bits:   [0x0000000013e80000, 0x0000000014e80000)

Polling page: 0x00000000014c0000

CodeCache: size=245760Kb used=2138Kb max_used=2149Kb free=243621Kb
 bounds [0x0000000003350000, 0x00000000035c0000, 0x0000000012350000]
 total_blobs=758 nmethods=495 adapters=176
 compilation: enabled

Compilation events (10 events):
Event: 0.520 Thread 0x0000000015a7a800 nmethod 450 0x0000000003564c90 code [0x0000000003564dc0, 0x0000000003564e58]
Event: 0.520 Thread 0x0000000015a7a800  494   !   4       com.android.dx.rop.cst.StdConstantPool::get (24 bytes)
Event: 0.521 Thread 0x0000000015a7a800 nmethod 494 0x00000000035649d0 code [0x0000000003564b00, 0x0000000003564bb8]
Event: 0.521 Thread 0x0000000015a7a800  498       4       com.android.dx.util.IntList::add (65 bytes)
Event: 0.522 Thread 0x0000000015a7d000 nmethod 434 0x000000000356a310 code [0x000000000356a4c0, 0x000000000356b2d8]
Event: 0.522 Thread 0x0000000015a7d000  500       4       com.android.dx.util.IntList::growIfNeeded (46 bytes)
Event: 0.523 Thread 0x0000000015a7d000 nmethod 500 0x0000000003564590 code [0x00000000035646e0, 0x00000000035648b8]
Event: 0.523 Thread 0x0000000015a7d000  509       4       java.util.HashMap::getNode (148 bytes)
Event: 0.523 Thread 0x0000000015a7a800 nmethod 498 0x0000000003563f90 code [0x00000000035640e0, 0x00000000035643b8]
Event: 0.523 Thread 0x0000000015a7a800  505   !   4       com.android.dx.util.FixedSizeList::set0 (22 bytes)

GC Heap History (0 events):
No events

Deoptimization events (0 events):
No events

Internal exceptions (2 events):
Event: 0.051 Thread 0x0000000003250800 Exception <a 'java/lang/NoSuchMethodError': Method sun.misc.Unsafe.defineClass(Ljava/lang/String;[BII)Ljava/lang/Class; name or signature does not match> (0x00000000eab07cc0) thrown at [C:\re\workspace\8-2-build-windows-amd64-cygwin\jdk8u101\7261\hotspot\sê…œ3„Z™?
Event: 0.051 Thread 0x0000000003250800 Exception <a 'java/lang/NoSuchMethodError': Method sun.misc.Unsafe.prefetchRead(Ljava/lang/Object;J)V name or signature does not match> (0x00000000eab07fa8) thrown at [C:\re\workspace\8-2-build-windows-amd64-cygwin\jdk8u101\7261\hotspot\src\share\vm\prims\

Events (10 events):
Event: 0.482 loading class java/io/PrintWriter
Event: 0.482 loading class java/io/PrintWriter done
Event: 0.482 loading class com/android/dx/dex/file/DebugInfoItem
Event: 0.482 loading class com/android/dx/dex/file/DebugInfoItem done
Event: 0.483 loading class com/android/dx/rop/annotation/AnnotationsList
Event: 0.483 loading class com/android/dx/rop/annotation/AnnotationsList done
Event: 0.483 loading class com/android/dx/dex/file/MethodIdItem
Event: 0.483 loading class com/android/dx/dex/file/MethodIdItem done
Event: 0.484 loading class com/android/dx/cf/code/BytecodeArray$ConstantParserVisitor
Event: 0.484 loading class com/android/dx/cf/code/BytecodeArray$ConstantParserVisitor done


Dynamic libraries:
0x00007ff727060000 - 0x00007ff727097000 	D:\java_8\bin\java.exe
0x00007fff61220000 - 0x00007fff613f1000 	C:\Windows\SYSTEM32\ntdll.dll
0x00007fff60e70000 - 0x00007fff60f1b000 	C:\Windows\System32\KERNEL32.DLL
0x00007fff5e590000 - 0x00007fff5e7ad000 	C:\Windows\System32\KERNELBASE.dll
0x00007fff60a80000 - 0x00007fff60b22000 	C:\Windows\System32\ADVAPI32.dll
0x00007fff609e0000 - 0x00007fff60a7e000 	C:\Windows\System32\msvcrt.dll
0x00007fff61050000 - 0x00007fff610a9000 	C:\Windows\System32\sechost.dll
0x00007fff603e0000 - 0x00007fff60501000 	C:\Windows\System32\RPCRT4.dll
0x00007fff610b0000 - 0x00007fff61215000 	C:\Windows\System32\USER32.dll
0x00007fff5e0d0000 - 0x00007fff5e0ee000 	C:\Windows\System32\win32u.dll
0x00007fff603a0000 - 0x00007fff603d4000 	C:\Windows\System32\GDI32.dll
0x00007fff5df40000 - 0x00007fff5e0c2000 	C:\Windows\System32\gdi32full.dll
0x00007fff47e70000 - 0x00007fff480ea000 	C:\Windows\WinSxS\amd64_microsoft.windows.common-controls_6595b64144ccf1df_6.0.14393.953_none_42151e83c686086b\COMCTL32.dll
0x00007fff600b0000 - 0x00007fff60378000 	C:\Windows\System32\combase.dll
0x00007fff5e1a0000 - 0x00007fff5e295000 	C:\Windows\System32\ucrtbase.dll
0x00007fff5e350000 - 0x00007fff5e3ba000 	C:\Windows\System32\bcryptPrimitives.dll
0x00007fff60510000 - 0x00007fff6053e000 	C:\Windows\System32\IMM32.DLL
0x0000000059790000 - 0x0000000059862000 	D:\java_8\jre\bin\msvcr100.dll
0x0000000058ef0000 - 0x000000005978a000 	D:\java_8\jre\bin\server\jvm.dll
0x00007fff60380000 - 0x00007fff60388000 	C:\Windows\System32\PSAPI.DLL
0x00007fff52af0000 - 0x00007fff52af9000 	C:\Windows\SYSTEM32\WSOCK32.dll
0x00007fff60970000 - 0x00007fff609da000 	C:\Windows\System32\WS2_32.dll
0x00007fff5b7d0000 - 0x00007fff5b7f3000 	C:\Windows\SYSTEM32\WINMM.dll
0x00007fff51f00000 - 0x00007fff51f0a000 	C:\Windows\SYSTEM32\VERSION.dll
0x0000000001490000 - 0x00000000014bb000 	C:\Windows\SYSTEM32\WINMMBASE.dll
0x00007fff5e300000 - 0x00007fff5e342000 	C:\Windows\System32\cfgmgr32.dll
0x000000005a920000 - 0x000000005a92f000 	D:\java_8\jre\bin\verify.dll
0x0000000058ec0000 - 0x0000000058ee9000 	D:\java_8\jre\bin\java.dll
0x0000000058ea0000 - 0x0000000058eb6000 	D:\java_8\jre\bin\zip.dll
0x00007fff5eb30000 - 0x00007fff60038000 	C:\Windows\System32\SHELL32.dll
0x00007fff5d7b0000 - 0x00007fff5de8a000 	C:\Windows\System32\windows.storage.dll
0x00007fff5d6c0000 - 0x00007fff5d70c000 	C:\Windows\System32\powrprof.dll
0x00007fff60040000 - 0x00007fff60092000 	C:\Windows\System32\shlwapi.dll
0x00007fff5d6b0000 - 0x00007fff5d6bf000 	C:\Windows\System32\kernel.appcore.dll
0x00007fff5de90000 - 0x00007fff5df39000 	C:\Windows\System32\shcore.dll
0x00007fff5d680000 - 0x00007fff5d694000 	C:\Windows\System32\profapi.dll

VM Arguments:
jvm_args: -Djava.awt.headless=true -Xmx1024M -Dfile.encoding=GBK -Duser.country=CN -Duser.language=zh -Duser.variant 
java_command: com.android.dx.command.Main --dex --num-threads=4 --output C:\Users\hoshino\Desktop\ikaros\app\build\intermediates\pre-dexed\debug\debug_715de1a1558bfe9abd3d7871debe51d92a912f09.jar C:\Users\hoshino\Desktop\ikaros\app\build\intermediates\classes\debug
java_class_path (initial): E:\AndroidSDK\build-tools\25.0.2\lib\dx.jar
Launcher Type: SUN_STANDARD

Environment Variables:
PATH=C:\Windows\system32;C:\Windows;C:\Windows\System32\Wbem;C:\Windows\System32\WindowsPowerShell\v1.0\;D:\java_8\bin;D:\java_8\jre\bin;D:\Git\cmd;C:\Users\hoshino\AppData\Local\Microsoft\WindowsApps;
USERNAME=hoshino
OS=Windows_NT
PROCESSOR_IDENTIFIER=Intel64 Family 6 Model 94 Stepping 3, GenuineIntel



---------------  S Y S T E M  ---------------

OS: Windows 10.0 , 64 bit Build 14393 (10.0.14393.0)

CPU:total 4 (4 cores per cpu, 1 threads per core) family 6 model 94 stepping 3, cmov, cx8, fxsr, mmx, sse, sse2, sse3, ssse3, sse4.1, sse4.2, popcnt, avx, avx2, aes, clmul, erms, rtm, 3dnowpref, lzcnt, tsc, tscinvbit, bmi1, bmi2, adx

Memory: 4k page, physical 8178600k(977088k free), swap 16043172k(2216k free)

vm_info: Java HotSpot(TM) 64-Bit Server VM (25.101-b13) for windows-amd64 JRE (1.8.0_101-b13), built on Jun 22 2016 01:21:29 by "java_re" with MS VC++ 10.0 (VS2010)

time: Thu Apr 20 16:07:37 2017
elapsed time: 0 seconds (0d 0h 0m 0s)

