#
# There is insufficient memory for the Java Runtime Environment to continue.
# Native memory allocation (malloc) failed to allocate 384336 bytes for Chunk::new
# Possible reasons:
#   The system is out of physical RAM or swap space
#   In 32 bit mode, the process size limit was hit
# Possible solutions:
#   Reduce memory load on the system
#   Increase physical memory or swap space
#   Check if swap backing store is full
#   Use 64 bit Java on a 64 bit OS
#   Decrease Java heap size (-Xmx/-Xms)
#   Decrease number of Java threads
#   Decrease Java thread stack sizes (-Xss)
#   Set larger code cache with -XX:ReservedCodeCacheSize=
# This output file may be truncated or incomplete.
#
#  Out of Memory Error (allocation.cpp:390), pid=208, tid=0x0000000000002db0
#
# JRE version: Java(TM) SE Runtime Environment (8.0_101-b13) (build 1.8.0_101-b13)
# Java VM: Java HotSpot(TM) 64-Bit Server VM (25.101-b13 mixed mode windows-amd64 compressed oops)
# Failed to write core dump. Minidumps are not enabled by default on client versions of Windows
#

---------------  T H R E A D  ---------------

Current thread (0x0000000015709000):  JavaThread "C2 CompilerThread0" daemon [_thread_in_native, id=11696, stack(0x0000000016c60000,0x0000000016d60000)]

Stack: [0x0000000016c60000,0x0000000016d60000]
[error occurred during error reporting (printing stack bounds), id 0xc0000005]

Native frames: (J=compiled Java code, j=interpreted, Vv=VM code, C=native code)


Current CompileTask:
C2:   1041 1166       4       com.android.dx.ssa.SCCP::simulatePhi (169 bytes)


---------------  P R O C E S S  ---------------

Java Threads: ( => current thread )
  0x00000000170dd000 JavaThread "pool-1-thread-4" [_thread_in_Java, id=12668, stack(0x0000000017960000,0x0000000017a60000)]
  0x00000000170dc000 JavaThread "pool-1-thread-3" [_thread_blocked, id=612, stack(0x0000000017860000,0x0000000017960000)]
  0x00000000170d7800 JavaThread "pool-1-thread-2" [_thread_in_Java, id=13864, stack(0x0000000017760000,0x0000000017860000)]
  0x00000000170d2800 JavaThread "pool-2-thread-1" [_thread_blocked, id=11000, stack(0x0000000017660000,0x0000000017760000)]
  0x00000000170cb800 JavaThread "pool-1-thread-1" [_thread_in_Java, id=4420, stack(0x0000000017560000,0x0000000017660000)]
  0x0000000016ec3800 JavaThread "Service Thread" daemon [_thread_blocked, id=7292, stack(0x0000000017360000,0x0000000017460000)]
  0x0000000016ebb800 JavaThread "C1 CompilerThread2" daemon [_thread_blocked, id=7932, stack(0x0000000017260000,0x0000000017360000)]
  0x000000001570c800 JavaThread "C2 CompilerThread1" daemon [_thread_in_native, id=10916, stack(0x0000000016d60000,0x0000000016e60000)]
=>0x0000000015709000 JavaThread "C2 CompilerThread0" daemon [_thread_in_native, id=11696, stack(0x0000000016c60000,0x0000000016d60000)]
  0x0000000015708000 JavaThread "Attach Listener" daemon [_thread_blocked, id=15856, stack(0x0000000016b60000,0x0000000016c60000)]
  0x0000000015707000 JavaThread "Signal Dispatcher" daemon [_thread_blocked, id=15460, stack(0x0000000016a60000,0x0000000016b60000)]
  0x000000001569a800 JavaThread "Finalizer" daemon [_thread_blocked, id=9624, stack(0x0000000016900000,0x0000000016a00000)]
  0x0000000002fcf000 JavaThread "Reference Handler" daemon [_thread_blocked, id=12900, stack(0x0000000016800000,0x0000000016900000)]
  0x0000000002ee0800 JavaThread "main" [_thread_in_Java, id=11744, stack(0x0000000002de0000,0x0000000002ee0000)]

Other Threads:
  0x0000000015677000 VMThread [stack: 0x0000000016700000,0x0000000016800000] [id=10500]
  0x0000000016f39800 WatcherThread [stack: 0x0000000017460000,0x0000000017560000] [id=15420]

VM state:not at safepoint (normal execution)

VM Mutex/Monitor currently owned by a thread: None

Heap:
 PSYoungGen      total 37888K, used 36645K [0x00000000eab00000, 0x00000000ed500000, 0x0000000100000000)
  eden space 32768K, 96% used [0x00000000eab00000,0x00000000ec9ce148,0x00000000ecb00000)
  from space 5120K, 99% used [0x00000000ecb00000,0x00000000ecffb650,0x00000000ed000000)
  to   space 5120K, 0% used [0x00000000ed000000,0x00000000ed000000,0x00000000ed500000)
 ParOldGen       total 86016K, used 1183K [0x00000000c0000000, 0x00000000c5400000, 0x00000000eab00000)
  object space 86016K, 1% used [0x00000000c0000000,0x00000000c0127e10,0x00000000c5400000)
 Metaspace       used 5996K, capacity 6964K, committed 7040K, reserved 1056768K
  class space    used 601K, capacity 620K, committed 640K, reserved 1048576K

Card table byte_map: [0x00000000123a0000,0x00000000125b0000] byte_map_base: 0x0000000011da0000

Marking Bits: (ParMarkBitMap*) 0x000000005970a6d0
 Begin Bits: [0x0000000012b10000, 0x0000000013b10000)
 End Bits:   [0x0000000013b10000, 0x0000000014b10000)

Polling page: 0x00000000012b0000

CodeCache: size=245760Kb used=5023Kb max_used=5023Kb free=240736Kb
 bounds [0x0000000002fe0000, 0x00000000034d0000, 0x0000000011fe0000]
 total_blobs=1567 nmethods=1297 adapters=183
 compilation: enabled

Compilation events (10 events):
Event: 1.018 Thread 0x0000000016ebb800 1319       2       com.android.dx.cf.code.Ropper$2::visitBlock (12 bytes)
Event: 1.018 Thread 0x0000000016ebb800 nmethod 1319 0x00000000034ca710 code [0x00000000034ca880, 0x00000000034caa08]
Event: 1.018 Thread 0x0000000016ebb800 1313       2       com.android.dx.cf.code.Ropper$SubroutineInliner::involvedInSubroutine (37 bytes)
Event: 1.019 Thread 0x0000000016ebb800 nmethod 1313 0x00000000034cab10 code [0x00000000034caca0, 0x00000000034cafa8]
Event: 1.019 Thread 0x0000000016ebb800 1318       2       com.android.dx.util.IntList::top (11 bytes)
Event: 1.019 Thread 0x0000000016ebb800 nmethod 1318 0x00000000034cb310 code [0x00000000034cb480, 0x00000000034cb608]
Event: 1.019 Thread 0x0000000016ebb800 1307       2       com.android.dx.ssa.NormalSsaInsn::isMoveException (20 bytes)
Event: 1.019 Thread 0x0000000016ebb800 nmethod 1307 0x00000000034cb690 code [0x00000000034cb7e0, 0x00000000034cb950]
Event: 1.019 Thread 0x0000000016ebb800 1308       2       com.android.dx.rop.code.Rops::opMoveParam (69 bytes)
Event: 1.019 Thread 0x0000000016ebb800 nmethod 1308 0x00000000034cba10 code [0x00000000034cbbe0, 0x00000000034cc0b8]

GC Heap History (2 events):
Event: 0.883 GC heap before
{Heap before GC invocations=1 (full 0):
 PSYoungGen      total 37888K, used 32768K [0x00000000eab00000, 0x00000000ed500000, 0x0000000100000000)
  eden space 32768K, 100% used [0x00000000eab00000,0x00000000ecb00000,0x00000000ecb00000)
  from space 5120K, 0% used [0x00000000ed000000,0x00000000ed000000,0x00000000ed500000)
  to   space 5120K, 0% used [0x00000000ecb00000,0x00000000ecb00000,0x00000000ed000000)
 ParOldGen       total 86016K, used 0K [0x00000000c0000000, 0x00000000c5400000, 0x00000000eab00000)
  object space 86016K, 0% used [0x00000000c0000000,0x00000000c0000000,0x00000000c5400000)
 Metaspace       used 5884K, capacity 6836K, committed 7040K, reserved 1056768K
  class space    used 597K, capacity 620K, committed 640K, reserved 1048576K
Event: 0.889 GC heap after
Heap after GC invocations=1 (full 0):
 PSYoungGen      total 37888K, used 5101K [0x00000000eab00000, 0x00000000ed500000, 0x0000000100000000)
  eden space 32768K, 0% used [0x00000000eab00000,0x00000000eab00000,0x00000000ecb00000)
  from space 5120K, 99% used [0x00000000ecb00000,0x00000000ecffb650,0x00000000ed000000)
  to   space 5120K, 0% used [0x00000000ed000000,0x00000000ed000000,0x00000000ed500000)
 ParOldGen       total 86016K, used 1183K [0x00000000c0000000, 0x00000000c5400000, 0x00000000eab00000)
  object space 86016K, 1% used [0x00000000c0000000,0x00000000c0127e10,0x00000000c5400000)
 Metaspace       used 5884K, capacity 6836K, committed 7040K, reserved 1056768K
  class space    used 597K, capacity 620K, committed 640K, reserved 1048576K
}

Deoptimization events (0 events):
No events

Internal exceptions (2 events):
Event: 0.053 Thread 0x0000000002ee0800 Exception <a 'java/lang/NoSuchMethodError': Method sun.misc.Unsafe.defineClass(Ljava/lang/String;[BII)Ljava/lang/Class; name or signature does not match> (0x00000000eab07cc0) thrown at [C:\re\workspace\8-2-build-windows-amd64-cygwin\jdk8u101\7261\hotspot\suÓSÑE0«?
Event: 0.053 Thread 0x0000000002ee0800 Exception <a 'java/lang/NoSuchMethodError': Method sun.misc.Unsafe.prefetchRead(Ljava/lang/Object;J)V name or signature does not match> (0x00000000eab07fa8) thrown at [C:\re\workspace\8-2-build-windows-amd64-cygwin\jdk8u101\7261\hotspot\src\share\vm\prims\

Events (10 events):
Event: 0.906 loading class com/android/dx/util/ByteArray$MyInputStream
Event: 0.906 loading class com/android/dx/util/ByteArray$MyInputStream done
Event: 0.907 loading class com/android/dx/cf/attrib/AttRuntimeInvisibleAnnotations
Event: 0.907 loading class com/android/dx/cf/attrib/AttRuntimeInvisibleAnnotations done
Event: 0.907 loading class com/android/dx/cf/attrib/BaseAnnotations
Event: 0.907 loading class com/android/dx/cf/attrib/BaseAnnotations done
Event: 0.947 loading class com/android/dx/cf/attrib/AttAnnotationDefault
Event: 0.947 loading class com/android/dx/cf/attrib/AttAnnotationDefault done
Event: 0.948 loading class com/android/dx/cf/attrib/AttRuntimeVisibleAnnotations
Event: 0.948 loading class com/android/dx/cf/attrib/AttRuntimeVisibleAnnotations done


Dynamic libraries:
0x00007ff727060000 - 0x00007ff727097000 	D:\java_8\bin\java.exe
0x00007fff61220000 - 0x00007fff613f1000 	C:\Windows\SYSTEM32\ntdll.dll
0x00007fff60e70000 - 0x00007fff60f1b000 	C:\Windows\System32\KERNEL32.DLL
0x00007fff5e590000 - 0x00007fff5e7ad000 	C:\Windows\System32\KERNELBASE.dll
0x00007fff60a80000 - 0x00007fff60b22000 	C:\Windows\System32\ADVAPI32.dll
0x00007fff609e0000 - 0x00007fff60a7e000 	C:\Windows\System32\msvcrt.dll
0x00007fff61050000 - 0x00007fff610a9000 	C:\Windows\System32\sechost.dll
0x00007fff603e0000 - 0x00007fff60501000 	C:\Windows\System32\RPCRT4.dll
0x00007fff610b0000 - 0x00007fff61215000 	C:\Windows\System32\USER32.dll
0x00007fff5e0d0000 - 0x00007fff5e0ee000 	C:\Windows\System32\win32u.dll
0x00007fff603a0000 - 0x00007fff603d4000 	C:\Windows\System32\GDI32.dll
0x00007fff5df40000 - 0x00007fff5e0c2000 	C:\Windows\System32\gdi32full.dll
0x00007fff47e70000 - 0x00007fff480ea000 	C:\Windows\WinSxS\amd64_microsoft.windows.common-controls_6595b64144ccf1df_6.0.14393.953_none_42151e83c686086b\COMCTL32.dll
0x00007fff600b0000 - 0x00007fff60378000 	C:\Windows\System32\combase.dll
0x00007fff5e1a0000 - 0x00007fff5e295000 	C:\Windows\System32\ucrtbase.dll
0x00007fff5e350000 - 0x00007fff5e3ba000 	C:\Windows\System32\bcryptPrimitives.dll
0x00007fff60510000 - 0x00007fff6053e000 	C:\Windows\System32\IMM32.DLL
0x0000000059790000 - 0x0000000059862000 	D:\java_8\jre\bin\msvcr100.dll
0x0000000058ef0000 - 0x000000005978a000 	D:\java_8\jre\bin\server\jvm.dll
0x00007fff60380000 - 0x00007fff60388000 	C:\Windows\System32\PSAPI.DLL
0x00007fff52af0000 - 0x00007fff52af9000 	C:\Windows\SYSTEM32\WSOCK32.dll
0x00007fff60970000 - 0x00007fff609da000 	C:\Windows\System32\WS2_32.dll
0x00007fff5b7d0000 - 0x00007fff5b7f3000 	C:\Windows\SYSTEM32\WINMM.dll
0x00007fff51f00000 - 0x00007fff51f0a000 	C:\Windows\SYSTEM32\VERSION.dll
0x00007fff5b740000 - 0x00007fff5b76b000 	C:\Windows\SYSTEM32\WINMMBASE.dll
0x00007fff5e300000 - 0x00007fff5e342000 	C:\Windows\System32\cfgmgr32.dll
0x000000005a920000 - 0x000000005a92f000 	D:\java_8\jre\bin\verify.dll
0x0000000058ec0000 - 0x0000000058ee9000 	D:\java_8\jre\bin\java.dll
0x0000000058ea0000 - 0x0000000058eb6000 	D:\java_8\jre\bin\zip.dll
0x00007fff5eb30000 - 0x00007fff60038000 	C:\Windows\System32\SHELL32.dll
0x00007fff5d7b0000 - 0x00007fff5de8a000 	C:\Windows\System32\windows.storage.dll
0x00007fff5d6c0000 - 0x00007fff5d70c000 	C:\Windows\System32\powrprof.dll
0x00007fff60040000 - 0x00007fff60092000 	C:\Windows\System32\shlwapi.dll
0x00007fff5d6b0000 - 0x00007fff5d6bf000 	C:\Windows\System32\kernel.appcore.dll
0x00007fff5de90000 - 0x00007fff5df39000 	C:\Windows\System32\shcore.dll
0x00007fff5d680000 - 0x00007fff5d694000 	C:\Windows\System32\profapi.dll

VM Arguments:
jvm_args: -Djava.awt.headless=true -Xmx1024M -Dfile.encoding=GBK -Duser.country=CN -Duser.language=zh -Duser.variant 
java_command: com.android.dx.command.Main --dex --num-threads=4 --output C:\Users\hoshino\Desktop\ikaros\app\build\intermediates\pre-dexed\debug\AMap_Location_V3.3.0_20170118_145f09d7ed5ae4f9dabae81ec106985fa76590de.jar C:\Users\hoshino\Desktop\ikaros\app\libs\AMap_Location_V3.3.0_20170118.jar
java_class_path (initial): E:\AndroidSDK\build-tools\25.0.2\lib\dx.jar
Launcher Type: SUN_STANDARD

Environment Variables:
PATH=C:\Windows\system32;C:\Windows;C:\Windows\System32\Wbem;C:\Windows\System32\WindowsPowerShell\v1.0\;D:\java_8\bin;D:\java_8\jre\bin;D:\Git\cmd;C:\Users\hoshino\AppData\Local\Microsoft\WindowsApps;
USERNAME=hoshino
OS=Windows_NT
PROCESSOR_IDENTIFIER=Intel64 Family 6 Model 94 Stepping 3, GenuineIntel



---------------  S Y S T E M  ---------------

OS: Windows 10.0 , 64 bit Build 14393 (10.0.14393.0)

CPU:total 4 (4 cores per cpu, 1 threads per core) family 6 model 94 stepping 3, cmov, cx8, fxsr, mmx, sse, sse2, sse3, ssse3, sse4.1, sse4.2, popcnt, avx, avx2, aes, clmul, erms, rtm, 3dnowpref, lzcnt, tsc, tscinvbit, bmi1, bmi2, adx

Memory: 4k page, physical 8178600k(619480k free), swap 16043172k(5520k free)

vm_info: Java HotSpot(TM) 64-Bit Server VM (25.101-b13) for windows-amd64 JRE (1.8.0_101-b13), built on Jun 22 2016 01:21:29 by "java_re" with MS VC++ 10.0 (VS2010)

time: Thu Apr 20 16:52:18 2017
elapsed time: 1 seconds (0d 0h 0m 1s)

