#
# There is insufficient memory for the Java Runtime Environment to continue.
# Native memory allocation (malloc) failed to allocate 32744 bytes for ChunkPool::allocate
# Possible reasons:
#   The system is out of physical RAM or swap space
#   In 32 bit mode, the process size limit was hit
# Possible solutions:
#   Reduce memory load on the system
#   Increase physical memory or swap space
#   Check if swap backing store is full
#   Use 64 bit Java on a 64 bit OS
#   Decrease Java heap size (-Xmx/-Xms)
#   Decrease number of Java threads
#   Decrease Java thread stack sizes (-Xss)
#   Set larger code cache with -XX:ReservedCodeCacheSize=
# This output file may be truncated or incomplete.
#
#  Out of Memory Error (allocation.cpp:273), pid=924, tid=0x0000000000003920
#
# JRE version: Java(TM) SE Runtime Environment (8.0_101-b13) (build 1.8.0_101-b13)
# Java VM: Java HotSpot(TM) 64-Bit Server VM (25.101-b13 mixed mode windows-amd64 compressed oops)
# Failed to write core dump. Minidumps are not enabled by default on client versions of Windows
#

---------------  T H R E A D  ---------------

Current thread (0x0000000016e65800):  JavaThread "C1 CompilerThread2" daemon [_thread_in_native, id=14624, stack(0x0000000017210000,0x0000000017310000)]

Stack: [0x0000000017210000,0x0000000017310000]
[error occurred during error reporting (printing stack bounds), id 0xc0000005]

Native frames: (J=compiled Java code, j=interpreted, Vv=VM code, C=native code)


Current CompileTask:
C1:    423   87       3       sun.nio.cs.UTF_8$Decoder::decode (779 bytes)


---------------  P R O C E S S  ---------------

Java Threads: ( => current thread )
  0x0000000016e6f800 JavaThread "Service Thread" daemon [_thread_blocked, id=7072, stack(0x0000000017310000,0x0000000017410000)]
=>0x0000000016e65800 JavaThread "C1 CompilerThread2" daemon [_thread_in_native, id=14624, stack(0x0000000017210000,0x0000000017310000)]
  0x000000001569b800 JavaThread "C2 CompilerThread1" daemon [_thread_blocked, id=3444, stack(0x0000000016d10000,0x0000000016e10000)]
  0x0000000015699800 JavaThread "C2 CompilerThread0" daemon [_thread_blocked, id=9260, stack(0x0000000016c10000,0x0000000016d10000)]
  0x0000000015698000 JavaThread "Attach Listener" daemon [_thread_blocked, id=11180, stack(0x0000000016b10000,0x0000000016c10000)]
  0x0000000015697000 JavaThread "Signal Dispatcher" daemon [_thread_blocked, id=11184, stack(0x0000000016a10000,0x0000000016b10000)]
  0x000000001562a800 JavaThread "Finalizer" daemon [_thread_blocked, id=6184, stack(0x00000000168b0000,0x00000000169b0000)]
  0x0000000002f5f000 JavaThread "Reference Handler" daemon [_thread_blocked, id=9340, stack(0x00000000167b0000,0x00000000168b0000)]
  0x0000000002e70800 JavaThread "main" [_thread_in_vm, id=10448, stack(0x0000000002d30000,0x0000000002e30000)]

Other Threads:
  0x0000000015607000 VMThread [stack: 0x00000000166b0000,0x00000000167b0000] [id=6744]
  0x0000000016edd800 WatcherThread [stack: 0x0000000017410000,0x0000000017510000] [id=9476]

VM state:not at safepoint (normal execution)

VM Mutex/Monitor currently owned by a thread: None

Heap:
 PSYoungGen      total 37888K, used 2625K [0x00000000eab00000, 0x00000000ed500000, 0x0000000100000000)
  eden space 32768K, 8% used [0x00000000eab00000,0x00000000ead90608,0x00000000ecb00000)
  from space 5120K, 0% used [0x00000000ed000000,0x00000000ed000000,0x00000000ed500000)
  to   space 5120K, 0% used [0x00000000ecb00000,0x00000000ecb00000,0x00000000ed000000)
 ParOldGen       total 86016K, used 0K [0x00000000c0000000, 0x00000000c5400000, 0x00000000eab00000)
  object space 86016K, 0% used [0x00000000c0000000,0x00000000c0000000,0x00000000c5400000)
 Metaspace       used 3238K, capacity 4720K, committed 4864K, reserved 1056768K
  class space    used 366K, capacity 424K, committed 512K, reserved 1048576K

Card table byte_map: [0x0000000012330000,0x0000000012540000] byte_map_base: 0x0000000011d30000

Marking Bits: (ParMarkBitMap*) 0x000000005970a6d0
 Begin Bits: [0x0000000012aa0000, 0x0000000013aa0000)
 End Bits:   [0x0000000013aa0000, 0x0000000014aa0000)

Polling page: 0x0000000001260000

CodeCache: size=245760Kb used=1213Kb max_used=1213Kb free=244546Kb
 bounds [0x0000000002f70000, 0x00000000031e0000, 0x0000000011f70000]
 total_blobs=332 nmethods=89 adapters=156
 compilation: enabled

Compilation events (10 events):
Event: 0.396 Thread 0x0000000016e65800 nmethod 79 0x000000000309d090 code [0x000000000309d1e0, 0x000000000309d350]
Event: 0.419 Thread 0x0000000016e65800   81       3       java.util.zip.ZipFile::access$400 (5 bytes)
Event: 0.419 Thread 0x0000000016e65800 nmethod 81 0x000000000309db90 code [0x000000000309dce0, 0x000000000309de10]
Event: 0.420 Thread 0x0000000016e65800   83       1       java.util.zip.ZipFile::access$300 (5 bytes)
Event: 0.420 Thread 0x0000000016e65800 nmethod 83 0x000000000309e290 code [0x000000000309e3e0, 0x000000000309e4d0]
Event: 0.420 Thread 0x0000000016e65800   84       3       java.util.zip.ZipFile::ensureOpen (37 bytes)
Event: 0.420 Thread 0x0000000016e65800 nmethod 84 0x000000000309e550 code [0x000000000309e6e0, 0x000000000309e9b8]
Event: 0.420 Thread 0x0000000016e65800   85       1       java.util.zip.ZipCoder::isUTF8 (5 bytes)
Event: 0.420 Thread 0x0000000016e65800 nmethod 85 0x000000000309ead0 code [0x000000000309ec20, 0x000000000309ed30]
Event: 0.421 Thread 0x0000000016e65800   87       3       sun.nio.cs.UTF_8$Decoder::decode (779 bytes)

GC Heap History (0 events):
No events

Deoptimization events (0 events):
No events

Internal exceptions (2 events):
Event: 0.041 Thread 0x0000000002e70800 Exception <a 'java/lang/NoSuchMethodError': Method sun.misc.Unsafe.defineClass(Ljava/lang/String;[BII)Ljava/lang/Class; name or signature does not match> (0x00000000eab07cc0) thrown at [C:\re\workspace\8-2-build-windows-amd64-cygwin\jdk8u101\7261\hotspot\s\wBÇ	¥?
Event: 0.041 Thread 0x0000000002e70800 Exception <a 'java/lang/NoSuchMethodError': Method sun.misc.Unsafe.prefetchRead(Ljava/lang/Object;J)V name or signature does not match> (0x00000000eab07fa8) thrown at [C:\re\workspace\8-2-build-windows-amd64-cygwin\jdk8u101\7261\hotspot\src\share\vm\prims\

Events (10 events):
Event: 0.398 loading class java/util/concurrent/LinkedBlockingQueue$Node
Event: 0.398 loading class java/util/concurrent/LinkedBlockingQueue$Node done
Event: 0.398 loading class com/android/dx/cf/direct/ClassPathOpener
Event: 0.398 loading class com/android/dx/cf/direct/ClassPathOpener done
Event: 0.399 loading class com/android/dx/cf/direct/ClassPathOpener$1
Event: 0.399 loading class com/android/dx/cf/direct/ClassPathOpener$1 done
Event: 0.399 loading class com/android/dx/command/dexer/Main$FileBytesConsumer
Event: 0.399 loading class com/android/dx/command/dexer/Main$FileBytesConsumer done
Event: 0.419 loading class java/util/zip/ZipFile$ZipEntryIterator
Event: 0.419 loading class java/util/zip/ZipFile$ZipEntryIterator done


Dynamic libraries:
0x00007ff727060000 - 0x00007ff727097000 	D:\java_8\bin\java.exe
0x00007fff61220000 - 0x00007fff613f1000 	C:\Windows\SYSTEM32\ntdll.dll
0x00007fff60e70000 - 0x00007fff60f1b000 	C:\Windows\System32\KERNEL32.DLL
0x00007fff5e590000 - 0x00007fff5e7ad000 	C:\Windows\System32\KERNELBASE.dll
0x00007fff60a80000 - 0x00007fff60b22000 	C:\Windows\System32\ADVAPI32.dll
0x00007fff609e0000 - 0x00007fff60a7e000 	C:\Windows\System32\msvcrt.dll
0x00007fff61050000 - 0x00007fff610a9000 	C:\Windows\System32\sechost.dll
0x00007fff603e0000 - 0x00007fff60501000 	C:\Windows\System32\RPCRT4.dll
0x00007fff610b0000 - 0x00007fff61215000 	C:\Windows\System32\USER32.dll
0x00007fff5e0d0000 - 0x00007fff5e0ee000 	C:\Windows\System32\win32u.dll
0x00007fff603a0000 - 0x00007fff603d4000 	C:\Windows\System32\GDI32.dll
0x00007fff5df40000 - 0x00007fff5e0c2000 	C:\Windows\System32\gdi32full.dll
0x00007fff47e70000 - 0x00007fff480ea000 	C:\Windows\WinSxS\amd64_microsoft.windows.common-controls_6595b64144ccf1df_6.0.14393.953_none_42151e83c686086b\COMCTL32.dll
0x00007fff600b0000 - 0x00007fff60378000 	C:\Windows\System32\combase.dll
0x00007fff5e1a0000 - 0x00007fff5e295000 	C:\Windows\System32\ucrtbase.dll
0x00007fff5e350000 - 0x00007fff5e3ba000 	C:\Windows\System32\bcryptPrimitives.dll
0x00007fff60510000 - 0x00007fff6053e000 	C:\Windows\System32\IMM32.DLL
0x0000000059790000 - 0x0000000059862000 	D:\java_8\jre\bin\msvcr100.dll
0x0000000058ef0000 - 0x000000005978a000 	D:\java_8\jre\bin\server\jvm.dll
0x00007fff60380000 - 0x00007fff60388000 	C:\Windows\System32\PSAPI.DLL
0x00007fff52af0000 - 0x00007fff52af9000 	C:\Windows\SYSTEM32\WSOCK32.dll
0x00007fff5b7d0000 - 0x00007fff5b7f3000 	C:\Windows\SYSTEM32\WINMM.dll
0x00007fff60970000 - 0x00007fff609da000 	C:\Windows\System32\WS2_32.dll
0x00007fff51f00000 - 0x00007fff51f0a000 	C:\Windows\SYSTEM32\VERSION.dll
0x00007fff5b740000 - 0x00007fff5b76b000 	C:\Windows\SYSTEM32\WINMMBASE.dll
0x00007fff5e300000 - 0x00007fff5e342000 	C:\Windows\System32\cfgmgr32.dll
0x000000005a920000 - 0x000000005a92f000 	D:\java_8\jre\bin\verify.dll
0x0000000058ec0000 - 0x0000000058ee9000 	D:\java_8\jre\bin\java.dll
0x0000000058ea0000 - 0x0000000058eb6000 	D:\java_8\jre\bin\zip.dll
0x00007fff5eb30000 - 0x00007fff60038000 	C:\Windows\System32\SHELL32.dll
0x00007fff5d7b0000 - 0x00007fff5de8a000 	C:\Windows\System32\windows.storage.dll
0x00007fff5d6c0000 - 0x00007fff5d70c000 	C:\Windows\System32\powrprof.dll
0x00007fff60040000 - 0x00007fff60092000 	C:\Windows\System32\shlwapi.dll
0x00007fff5d6b0000 - 0x00007fff5d6bf000 	C:\Windows\System32\kernel.appcore.dll
0x00007fff5de90000 - 0x00007fff5df39000 	C:\Windows\System32\shcore.dll
0x00007fff5d680000 - 0x00007fff5d694000 	C:\Windows\System32\profapi.dll

VM Arguments:
jvm_args: -Djava.awt.headless=true -Xmx1024M -Dfile.encoding=GBK -Duser.country=CN -Duser.language=zh -Duser.variant 
java_command: com.android.dx.command.Main --dex --num-threads=4 --output C:\Users\hoshino\Desktop\ikaros\app\build\intermediates\pre-dexed\debug\AMap_Location_V3.3.0_20170118_145f09d7ed5ae4f9dabae81ec106985fa76590de.jar C:\Users\hoshino\Desktop\ikaros\app\libs\AMap_Location_V3.3.0_20170118.jar
java_class_path (initial): E:\AndroidSDK\build-tools\25.0.2\lib\dx.jar
Launcher Type: SUN_STANDARD

Environment Variables:
PATH=C:\Windows\system32;C:\Windows;C:\Windows\System32\Wbem;C:\Windows\System32\WindowsPowerShell\v1.0\;D:\java_8\bin;D:\java_8\jre\bin;D:\Git\cmd;C:\Users\hoshino\AppData\Local\Microsoft\WindowsApps;
USERNAME=hoshino
OS=Windows_NT
PROCESSOR_IDENTIFIER=Intel64 Family 6 Model 94 Stepping 3, GenuineIntel



---------------  S Y S T E M  ---------------

OS: Windows 10.0 , 64 bit Build 14393 (10.0.14393.0)

CPU:total 4 (4 cores per cpu, 1 threads per core) family 6 model 94 stepping 3, cmov, cx8, fxsr, mmx, sse, sse2, sse3, ssse3, sse4.1, sse4.2, popcnt, avx, avx2, aes, clmul, erms, rtm, 3dnowpref, lzcnt, tsc, tscinvbit, bmi1, bmi2, adx

Memory: 4k page, physical 8178600k(994236k free), swap 16043172k(424k free)

vm_info: Java HotSpot(TM) 64-Bit Server VM (25.101-b13) for windows-amd64 JRE (1.8.0_101-b13), built on Jun 22 2016 01:21:29 by "java_re" with MS VC++ 10.0 (VS2010)

time: Thu Apr 20 16:07:36 2017
elapsed time: 0 seconds (0d 0h 0m 0s)

